Log file open, 11/09/17 10:48:39
LogWindows: Failed to load 'aqProf.dll' (GetLastError=126)
LogWindows: File 'aqProf.dll' does not exist
LogWindows: Failed to load 'VtuneApi.dll' (GetLastError=126)
LogWindows: File 'VtuneApi.dll' does not exist
LogWindows: Failed to load 'VtuneApi32e.dll' (GetLastError=126)
LogWindows: File 'VtuneApi32e.dll' does not exist
LogInit: Display: Running engine for game: FF
LogPlatformFile: Not using cached read wrapper
LogInit: Display: RandInit(-481686002) SRandInit(-481686002).
LogInit: Read version file with build ID '3709383'
LogInit: Overriding engine version to CL 3709383, compatible CL 3709383
LogInit: Registered custom module enumerator with build ID '3709383'
LogTaskGraph: Started task graph with 5 named threads and 14 total threads with 3 sets of task threads.
LogStats: Stats thread started at 0.167781
LogD3D11RHI: Aftermath initialized
LogModuleManager: Display: Found up-to-date module file ../../../Engine/Plugins/2D/Paper2D/Binaries/Win64/UE4Editor-Paper2D.dll (API version 3709383).
LogModuleManager: Display: Found up-to-date module file ../../../Engine/Plugins/2D/Paper2D/Binaries/Win64/UE4Editor-Paper2DEditor.dll (API version 3709383).
LogModuleManager: Display: Found up-to-date module file ../../../Engine/Plugins/2D/Paper2D/Binaries/Win64/UE4Editor-PaperSpriteSheetImporter.dll (API version 3709383).
LogModuleManager: Display: Found up-to-date module file ../../../Engine/Plugins/2D/Paper2D/Binaries/Win64/UE4Editor-PaperTiledImporter.dll (API version 3709383).
LogModuleManager: Display: Found up-to-date module file ../../../Engine/Plugins/2D/Paper2D/Binaries/Win64/UE4Editor-SmartSnapping.dll (API version 3709383).
LogModuleManager: Display: Found up-to-date module file ../../../Engine/Plugins/Blendables/LightPropagationVolume/Binaries/Win64/UE4Editor-LightPropagationVolumeRuntime.dll (API version 3709383).
LogModuleManager: Display: Found up-to-date module file ../../../Engine/Plugins/Blendables/LightPropagationVolume/Binaries/Win64/UE4Editor-LightPropagationVolumeEditor.dll (API version 3709383).
LogModuleManager: Display: Found up-to-date module file ../../../Engine/Plugins/Developer/GitSourceControl/Binaries/Win64/UE4Editor-GitSourceControl.dll (API version 3709383).
LogModuleManager: Display: Found up-to-date module file ../../../Engine/Plugins/Developer/PerforceSourceControl/Binaries/Win64/UE4Editor-PerforceSourceControl.dll (API version 3709383).
LogModuleManager: Display: Found up-to-date module file ../../../Engine/Plugins/Developer/SubversionSourceControl/Binaries/Win64/UE4Editor-SubversionSourceControl.dll (API version 3709383).
LogModuleManager: Display: Found up-to-date module file ../../../Engine/Plugins/Developer/UObjectPlugin/Binaries/Win64/UE4Editor-UObjectPlugin.dll (API version 3709383).
LogModuleManager: Display: Found up-to-date module file ../../../Engine/Plugins/Developer/VisualStudioCodeSourceCodeAccess/Binaries/Win64/UE4Editor-VisualStudioCodeSourceCodeAccess.dll (API version 3709383).
LogModuleManager: Display: Found up-to-date module file ../../../Engine/Plugins/Developer/VisualStudioSourceCodeAccess/Binaries/Win64/UE4Editor-VisualStudioSourceCodeAccess.dll (API version 3709383).
LogModuleManager: Display: Found up-to-date module file ../../../Engine/Plugins/Editor/AssetManagerEditor/Binaries/Win64/UE4Editor-AssetManagerEditor.dll (API version 3709383).
LogModuleManager: Display: Found up-to-date module file ../../../Engine/Plugins/Editor/AudioCapture/Binaries/Win64/UE4Editor-AudioCapture.dll (API version 3709383).
LogModuleManager: Display: Found up-to-date module file ../../../Engine/Plugins/Editor/FacialAnimation/Binaries/Win64/UE4Editor-FacialAnimation.dll (API version 3709383).
LogModuleManager: Display: Found up-to-date module file ../../../Engine/Plugins/Editor/FacialAnimation/Binaries/Win64/UE4Editor-FacialAnimationEditor.dll (API version 3709383).
LogModuleManager: Display: Found up-to-date module file ../../../Engine/Plugins/Editor/GameplayTagsEditor/Binaries/Win64/UE4Editor-GameplayTagsEditor.dll (API version 3709383).
LogModuleManager: Display: Found up-to-date module file ../../../Engine/Plugins/Editor/MobileLauncherProfileWizard/Binaries/Win64/UE4Editor-MobileLauncherProfileWizard.dll (API version 3709383).
LogModuleManager: Display: Found up-to-date module file ../../../Engine/Plugins/Editor/PluginBrowser/Binaries/Win64/UE4Editor-PluginBrowser.dll (API version 3709383).
LogModuleManager: Display: Found up-to-date module file ../../../Engine/Plugins/Editor/SpeedTreeImporter/Binaries/Win64/UE4Editor-SpeedTreeImporter.dll (API version 3709383).
LogModuleManager: Display: Found up-to-date module file ../../../Engine/Plugins/Experimental/AlembicImporter/Binaries/Win64/UE4Editor-AlembicImporter.dll (API version 3709383).
LogModuleManager: Display: Found up-to-date module file ../../../Engine/Plugins/Experimental/AlembicImporter/Binaries/Win64/UE4Editor-AlembicLibrary.dll (API version 3709383).
LogModuleManager: Display: Found up-to-date module file ../../../Engine/Plugins/Experimental/CharacterAI/Binaries/Win64/UE4Editor-CharacterAI.dll (API version 3709383).
LogModuleManager: Display: Found up-to-date module file ../../../Engine/Plugins/Experimental/HTML5Networking/Binaries/Win64/UE4Editor-HTML5Networking.dll (API version 3709383).
LogModuleManager: Display: Found up-to-date module file ../../../Engine/Plugins/Media/AndroidMedia/Binaries/Win64/UE4Editor-AndroidMediaEditor.dll (API version 3709383).
LogModuleManager: Display: Found up-to-date module file ../../../Engine/Plugins/Media/AndroidMedia/Binaries/Win64/UE4Editor-AndroidMediaFactory.dll (API version 3709383).
LogModuleManager: Display: Found up-to-date module file ../../../Engine/Plugins/Media/AvfMedia/Binaries/Win64/UE4Editor-AvfMediaEditor.dll (API version 3709383).
LogModuleManager: Display: Found up-to-date module file ../../../Engine/Plugins/Media/AvfMedia/Binaries/Win64/UE4Editor-AvfMediaFactory.dll (API version 3709383).
LogModuleManager: Display: Found up-to-date module file ../../../Engine/Plugins/Media/AvfMedia/Binaries/Win64/UE4Editor-AvfMediaFactory.dll (API version 3709383).
LogModuleManager: Display: Found up-to-date module file ../../../Engine/Plugins/Media/ImgMedia/Binaries/Win64/UE4Editor-ImgMedia.dll (API version 3709383).
LogModuleManager: Display: Found up-to-date module file ../../../Engine/Plugins/Media/ImgMedia/Binaries/Win64/UE4Editor-ImgMediaEditor.dll (API version 3709383).
LogModuleManager: Display: Found up-to-date module file ../../../Engine/Plugins/Media/ImgMedia/Binaries/Win64/UE4Editor-ImgMediaFactory.dll (API version 3709383).
LogModuleManager: Display: Found up-to-date module file ../../../Engine/Plugins/Media/ImgMedia/Binaries/Win64/UE4Editor-ImgMediaFactory.dll (API version 3709383).
LogModuleManager: Display: Found up-to-date module file ../../../Engine/Plugins/Media/ImgMedia/Binaries/Win64/UE4Editor-OpenExrWrapper.dll (API version 3709383).
LogModuleManager: Display: Found up-to-date module file ../../../Engine/Plugins/Media/MediaCompositing/Binaries/Win64/UE4Editor-MediaCompositing.dll (API version 3709383).
LogModuleManager: Display: Found up-to-date module file ../../../Engine/Plugins/Media/MediaCompositing/Binaries/Win64/UE4Editor-MediaCompositingEditor.dll (API version 3709383).
LogModuleManager: Display: Found up-to-date module file ../../../Engine/Plugins/Media/MediaPlayerEditor/Binaries/Win64/UE4Editor-MediaPlayerEditor.dll (API version 3709383).
LogModuleManager: Display: Found up-to-date module file ../../../Engine/Plugins/Media/WmfMedia/Binaries/Win64/UE4Editor-WmfMedia.dll (API version 3709383).
LogModuleManager: Display: Found up-to-date module file ../../../Engine/Plugins/Media/WmfMedia/Binaries/Win64/UE4Editor-WmfMediaEditor.dll (API version 3709383).
LogModuleManager: Display: Found up-to-date module file ../../../Engine/Plugins/Media/WmfMedia/Binaries/Win64/UE4Editor-WmfMediaFactory.dll (API version 3709383).
LogModuleManager: Display: Found up-to-date module file ../../../Engine/Plugins/Media/WmfMedia/Binaries/Win64/UE4Editor-WmfMediaFactory.dll (API version 3709383).
LogModuleManager: Display: Found up-to-date module file ../../../Engine/Plugins/Messaging/TcpMessaging/Binaries/Win64/UE4Editor-TcpMessaging.dll (API version 3709383).
LogModuleManager: Display: Found up-to-date module file ../../../Engine/Plugins/Messaging/UdpMessaging/Binaries/Win64/UE4Editor-UdpMessaging.dll (API version 3709383).
LogModuleManager: Display: Found up-to-date module file ../../../Engine/Plugins/MovieScene/ActorSequence/Binaries/Win64/UE4Editor-ActorSequence.dll (API version 3709383).
LogModuleManager: Display: Found up-to-date module file ../../../Engine/Plugins/MovieScene/LevelSequenceEditor/Binaries/Win64/UE4Editor-LevelSequenceEditor.dll (API version 3709383).
LogModuleManager: Display: Found up-to-date module file ../../../Engine/Plugins/MovieScene/MatineeToLevelSequence/Binaries/Win64/UE4Editor-MatineeToLevelSequence.dll (API version 3709383).
LogModuleManager: Display: Found up-to-date module file ../../../Engine/Plugins/Online/OnlineSubsystem/Binaries/Win64/UE4Editor-OnlineSubsystem.dll (API version 3709383).
LogModuleManager: Display: Found up-to-date module file ../../../Engine/Plugins/Runtime/AndroidPermission/Binaries/Win64/UE4Editor-AndroidPermission.dll (API version 3709383).
LogModuleManager: Display: Found up-to-date module file ../../../Engine/Plugins/Online/OnlineSubsystemNull/Binaries/Win64/UE4Editor-OnlineSubsystemNull.dll (API version 3709383).
LogModuleManager: Display: Found up-to-date module file ../../../Engine/Plugins/Online/OnlineSubsystemUtils/Binaries/Win64/UE4Editor-OnlineSubsystemUtils.dll (API version 3709383).
LogModuleManager: Display: Found up-to-date module file ../../../Engine/Plugins/Online/OnlineSubsystemUtils/Binaries/Win64/UE4Editor-OnlineBlueprintSupport.dll (API version 3709383).
LogModuleManager: Display: Found up-to-date module file ../../../Engine/Plugins/Runtime/AndroidDeviceProfileSelector/Binaries/Win64/UE4Editor-AndroidDeviceProfileSelector.dll (API version 3709383).
LogModuleManager: Display: Found up-to-date module file ../../../Engine/Plugins/Runtime/AppleARKit/Binaries/Win64/UE4Editor-AppleARKit.dll (API version 3709383).
LogModuleManager: Display: Found up-to-date module file ../../../Engine/Plugins/Runtime/ArchVisCharacter/Binaries/Win64/UE4Editor-ArchVisCharacter.dll (API version 3709383).
LogModuleManager: Display: Found up-to-date module file ../../../Engine/Plugins/Runtime/CableComponent/Binaries/Win64/UE4Editor-CableComponent.dll (API version 3709383).
LogModuleManager: Display: Found up-to-date module file ../../../Engine/Plugins/Runtime/CustomMeshComponent/Binaries/Win64/UE4Editor-CustomMeshComponent.dll (API version 3709383).
LogModuleManager: Display: Found up-to-date module file ../../../Engine/Plugins/Runtime/ExampleDeviceProfileSelector/Binaries/Win64/UE4Editor-ExampleDeviceProfileSelector.dll (API version 3709383).
LogModuleManager: Display: Found up-to-date module file ../../../Engine/Plugins/Runtime/ImmediatePhysics/Binaries/Win64/UE4Editor-ImmediatePhysics.dll (API version 3709383).
LogModuleManager: Display: Found up-to-date module file ../../../Engine/Plugins/Runtime/ImmediatePhysics/Binaries/Win64/UE4Editor-ImmediatePhysicsEditor.dll (API version 3709383).
LogModuleManager: Display: Found up-to-date module file ../../../Engine/Plugins/Runtime/LocationServicesBPLibrary/Binaries/Win64/UE4Editor-LocationServicesBPLibrary.dll (API version 3709383).
LogModuleManager: Display: Found up-to-date module file ../../../Engine/Plugins/Runtime/MobilePatchingUtils/Binaries/Win64/UE4Editor-MobilePatchingUtils.dll (API version 3709383).
LogModuleManager: Display: Found up-to-date module file ../../../Engine/Plugins/Runtime/Oculus/OculusVR/Binaries/Win64/UE4Editor-OculusHMD.dll (API version 3709383).
LogModuleManager: Display: Found up-to-date module file ../../../Engine/Plugins/Runtime/Oculus/OculusVR/Binaries/Win64/UE4Editor-OculusInput.dll (API version 3709383).
LogModuleManager: Display: Found up-to-date module file ../../../Engine/Plugins/Runtime/Oculus/OculusVR/Binaries/Win64/UE4Editor-OculusEditor.dll (API version 3709383).
LogModuleManager: Display: Found up-to-date module file ../../../Engine/Plugins/Runtime/PhysXVehicles/Binaries/Win64/UE4Editor-PhysXVehicles.dll (API version 3709383).
LogModuleManager: Display: Found up-to-date module file ../../../Engine/Plugins/Runtime/PhysXVehicles/Binaries/Win64/UE4Editor-PhysXVehiclesEditor.dll (API version 3709383).
LogModuleManager: Display: Found up-to-date module file ../../../Engine/Plugins/Runtime/ProceduralMeshComponent/Binaries/Win64/UE4Editor-ProceduralMeshComponent.dll (API version 3709383).
LogModuleManager: Display: Found up-to-date module file ../../../Engine/Plugins/Runtime/ProceduralMeshComponent/Binaries/Win64/UE4Editor-ProceduralMeshComponentEditor.dll (API version 3709383).
LogModuleManager: Display: Found up-to-date module file ../../../Engine/Plugins/Runtime/RuntimePhysXCooking/Binaries/Win64/UE4Editor-RuntimePhysXCooking.dll (API version 3709383).
LogModuleManager: Display: Found up-to-date module file ../../../Engine/Plugins/Runtime/Steam/SteamVR/Binaries/Win64/UE4Editor-SteamVR.dll (API version 3709383).
LogModuleManager: Display: Found up-to-date module file ../../../Engine/Plugins/Runtime/Steam/SteamVR/Binaries/Win64/UE4Editor-SteamVRController.dll (API version 3709383).
LogModuleManager: Display: Found up-to-date module file ../../../Engine/Plugins/Runtime/WindowsMoviePlayer/Binaries/Win64/UE4Editor-WindowsMoviePlayer.dll (API version 3709383).
LogPluginManager: Mounting plugin Paper2D
LogPluginManager: Mounting plugin LightPropagationVolume
LogPluginManager: Mounting plugin CodeLiteSourceCodeAccess
LogPluginManager: Mounting plugin GitSourceControl
LogPluginManager: Mounting plugin KDevelopSourceCodeAccess
LogPluginManager: Mounting plugin NullSourceCodeAccess
LogPluginManager: Mounting plugin PerforceSourceControl
LogPluginManager: Mounting plugin SubversionSourceControl
LogPluginManager: Mounting plugin UObjectPlugin
LogPluginManager: Mounting plugin VisualStudioCodeSourceCodeAccess
LogPluginManager: Mounting plugin VisualStudioSourceCodeAccess
LogPluginManager: Mounting plugin XCodeSourceCodeAccess
LogPluginManager: Mounting plugin AssetManagerEditor
LogPluginManager: Mounting plugin AudioCapture
LogPluginManager: Mounting plugin FacialAnimation
LogPluginManager: Mounting plugin GameplayTagsEditor
LogPluginManager: Mounting plugin MobileLauncherProfileWizard
LogPluginManager: Mounting plugin PluginBrowser
LogPluginManager: Mounting plugin SpeedTreeImporter
LogPluginManager: Mounting plugin AlembicImporter
LogPluginManager: Mounting plugin CharacterAI
LogPluginManager: Mounting plugin HTML5Networking
LogPluginManager: Mounting plugin AndroidMedia
LogPluginManager: Mounting plugin AvfMedia
LogPluginManager: Mounting plugin ImgMedia
LogPluginManager: Mounting plugin MediaCompositing
LogPluginManager: Mounting plugin MediaPlayerEditor
LogPluginManager: Mounting plugin WmfMedia
LogPluginManager: Mounting plugin TcpMessaging
LogPluginManager: Mounting plugin UdpMessaging
LogPluginManager: Mounting plugin ActorSequence
LogPluginManager: Mounting plugin LevelSequenceEditor
LogPluginManager: Mounting plugin MatineeToLevelSequence
LogPluginManager: Mounting plugin OnlineSubsystemGooglePlay
LogPluginManager: Mounting plugin OnlineSubsystemIOS
LogPluginManager: Mounting plugin OnlineSubsystem
LogPluginManager: Mounting plugin OnlineSubsystemNull
LogPluginManager: Mounting plugin OnlineSubsystemUtils
LogPluginManager: Mounting plugin AndroidDeviceProfileSelector
LogPluginManager: Mounting plugin AndroidMoviePlayer
LogPluginManager: Mounting plugin AndroidPermission
LogPluginManager: Mounting plugin AppleARKit
LogPluginManager: Mounting plugin AppleMoviePlayer
LogPluginManager: Mounting plugin ArchVisCharacter
LogPluginManager: Mounting plugin CableComponent
LogPluginManager: Mounting plugin CustomMeshComponent
LogPluginManager: Mounting plugin ExampleDeviceProfileSelector
LogPluginManager: Mounting plugin GoogleCloudMessaging
LogPluginManager: Mounting plugin ImmediatePhysics
LogPluginManager: Mounting plugin IOSDeviceProfileSelector
LogPluginManager: Mounting plugin LinuxDeviceProfileSelector
LogPluginManager: Mounting plugin LocationServicesBPLibrary
LogPluginManager: Mounting plugin MobilePatchingUtils
LogPluginManager: Mounting plugin OculusVR
LogPluginManager: Plugin shader directory ../../../Engine/Plugins/Runtime/Oculus/OculusVR/Shaders found
LogPluginManager: Mapping shader source directory ../../../Engine/Plugins/Runtime/Oculus/OculusVR/Shaders to virtual directory /Plugin/OculusVR
LogPluginManager: Mounting plugin PhysXVehicles
LogPluginManager: Mounting plugin ProceduralMeshComponent
LogPluginManager: Mounting plugin RuntimePhysXCooking
LogPluginManager: Mounting plugin SteamVR
LogPluginManager: Mounting plugin WindowsMoviePlayer
LogInit: Using libcurl 7.47.1
LogInit:  - built for x86_64-pc-win32
LogInit:  - supports SSL with OpenSSL/1.0.2g
LogInit:  - supports HTTP deflate (compression) using libz 1.2.8
LogInit:  - other features:
LogInit:      CURL_VERSION_SSL
LogInit:      CURL_VERSION_LIBZ
LogInit:      CURL_VERSION_IPV6
LogInit:      CURL_VERSION_ASYNCHDNS
LogInit:      CURL_VERSION_LARGEFILE
LogInit:      CURL_VERSION_IDN
LogInit:  CurlRequestOptions (configurable via config and command line):
LogInit:  - bVerifyPeer = false  - Libcurl will NOT verify peer certificate
LogInit:  - bUseHttpProxy = false  - Libcurl will NOT use HTTP proxy
LogInit:  - bDontReuseConnections = false  - Libcurl will reuse connections
LogInit:  - CertBundlePath = nullptr  - Libcurl will use whatever was configured at build time.
LogInit: Build: ++UE4+Release-4.18-CL-3709383
LogInit: Engine Version: 4.18.0-3709383+++UE4+Release-4.18
LogInit: Compatible Engine Version: 4.18.0-3709383+++UE4+Release-4.18
LogInit: Net CL: 3709383
LogDevObjectVersion: Number of dev versions registered: 16
LogDevObjectVersion:   Dev-Blueprints (B0D832E4-1F89-4F0D-ACCF-7EB736FD4AA2): 10
LogDevObjectVersion:   Dev-Build (E1C64328-A22C-4D53-A36C-8E866417BD8C): 0
LogDevObjectVersion:   Dev-Core (375EC13C-06E4-48FB-B500-84F0262A717E): 2
LogDevObjectVersion:   Dev-Editor (E4B068ED-F494-42E9-A231-DA0B2E46BB41): 20
LogDevObjectVersion:   Dev-Framework (CFFC743F-43B0-4480-9391-14DF171D2073): 30
LogDevObjectVersion:   Dev-Mobile (B02B49B5-BB20-44E9-A304-32B752E40360): 0
LogDevObjectVersion:   Dev-Networking (A4E4105C-59A1-49B5-A7C5-40C4547EDFEE): 0
LogDevObjectVersion:   Dev-Online (39C831C9-5AE6-47DC-9A44-9C173E1C8E7C): 0
LogDevObjectVersion:   Dev-Physics (78F01B33-EBEA-4F98-B9B4-84EACCB95AA2): 0
LogDevObjectVersion:   Dev-Platform (6631380F-2D4D-43E0-8009-CF276956A95A): 0
LogDevObjectVersion:   Dev-Rendering (12F88B9F-8875-4AFC-A67C-D90C383ABD29): 20
LogDevObjectVersion:   Dev-Sequencer (7B5AE74C-D270-4C10-A958-57980B212A5A): 4
LogDevObjectVersion:   Dev-VR (D7296918-1DD6-4BDD-9DE2-64A83CC13884): 0
LogDevObjectVersion:   Dev-LoadTimes (C2A15278-BFE7-4AFE-6C17-90FF531DF755): 1
LogDevObjectVersion:   Private-Geometry (6EACA3D4-40EC-4CC1-B786-8BED09428FC5): 1
LogDevObjectVersion:   Dev-AnimPhys (29E575DD-E0A3-4627-9D10-D276232CDCEA): 12
LogInit: Compiled (64-bit): Oct 20 2017 10:39:19
LogInit: Compiled with Visual C++: 19.00.24215.01
LogInit: Build Configuration: Development
LogInit: Branch Name: ++UE4+Release-4.18
LogInit: Command line:  
LogInit: Base directory: C:/Program Files/Epic Games/UE_4.18/Engine/Binaries/Win64/
LogInit: Installed Engine Build: 1
LogInit: Presizing for max 8388607 objects, including 0 objects not considered by GC, pre-allocating 0 bytes for permanent pool.
LogInit: Object subsystem initialized
[2017.11.09-18.48.41:099][  0]LogInit: Selected Device Profile: [Windows]
[2017.11.09-18.48.41:099][  0]LogInit: Applying CVar settings loaded from the selected device profile: [Windows]
[2017.11.09-18.48.41:113][  0]LogInit: Computer: SEA-8E413E
[2017.11.09-18.48.41:113][  0]LogInit: User: s179140
[2017.11.09-18.48.41:113][  0]LogInit: CPU Page size=4096, Cores=4
[2017.11.09-18.48.41:113][  0]LogInit: High frequency timer resolution =3.515712 MHz
[2017.11.09-18.48.41:113][  0]LogMemory: Memory total: Physical=31.9GB (32GB approx)
[2017.11.09-18.48.41:113][  0]LogMemory: Platform Memory Stats for Windows
[2017.11.09-18.48.41:113][  0]LogMemory: Process Physical Memory: 275.36 MB used, 275.36 MB peak
[2017.11.09-18.48.41:113][  0]LogMemory: Process Virtual Memory: 273.75 MB used, 273.75 MB peak
[2017.11.09-18.48.41:113][  0]LogMemory: Physical Memory: 5807.87 MB used,  26879.45 MB free, 32687.32 MB total
[2017.11.09-18.48.41:113][  0]LogMemory: Virtual Memory: 628.43 MB used,  26879.45 MB free, 8388608.00 MB total
[2017.11.09-18.48.41:333][  0]LogInit: Using OS detected language (en-US).
[2017.11.09-18.48.41:333][  0]LogInit: Using OS detected locale (en-US).
[2017.11.09-18.48.41:338][  0]LogTextLocalizationManager: No specific localization for 'en-US' exists, so the 'en' localization will be used.
[2017.11.09-18.48.41:763][  0]LogWindows: Failed to load 'shcore.dll' (GetLastError=126)
[2017.11.09-18.48.41:763][  0]LogWindows: File 'shcore.dll' does not exist
[2017.11.09-18.48.41:763][  0]LogInit: Setting process to DPI aware
[2017.11.09-18.48.41:772][  0]LogWindows: Failed to load 'shcore.dll' (GetLastError=126)
[2017.11.09-18.48.41:772][  0]LogWindows: File 'shcore.dll' does not exist
[2017.11.09-18.48.41:772][  0]LogInit: Setting process to DPI aware
[2017.11.09-18.48.42:124][  0]LogD3D11RHI: D3D11 adapters:
[2017.11.09-18.48.42:147][  0]LogD3D11RHI:    0. 'NVIDIA GeForce GTX 770' (Feature Level 11_0)
[2017.11.09-18.48.42:147][  0]LogD3D11RHI:       1989/0/16087 MB DedicatedVideo/DedicatedSystem/SharedSystem, Outputs:2, VendorId:0x10de
[2017.11.09-18.48.42:147][  0]LogD3D11RHI: Chosen D3D11 Adapter: 0
[2017.11.09-18.48.42:154][  0]LogD3D11RHI: Creating new Direct3DDevice
[2017.11.09-18.48.42:154][  0]LogD3D11RHI:     GPU DeviceId: 0x1184 (for the marketing name, search the web for "GPU Device Id")
[2017.11.09-18.48.42:154][  0]LogWindows: EnumDisplayDevices:
[2017.11.09-18.48.42:154][  0]LogWindows:    0. 'NVIDIA GeForce GTX 770' (P:1 D:1)
[2017.11.09-18.48.42:154][  0]LogWindows:    1. 'NVIDIA GeForce GTX 770' (P:0 D:1)
[2017.11.09-18.48.42:155][  0]LogWindows:    2. 'NVIDIA GeForce GTX 770' (P:0 D:0)
[2017.11.09-18.48.42:155][  0]LogWindows:    3. 'NVIDIA GeForce GTX 770' (P:0 D:0)
[2017.11.09-18.48.42:155][  0]LogWindows:    4. 'RDPDD Chained DD' (P:0 D:0)
[2017.11.09-18.48.42:155][  0]LogWindows:    5. 'RDP Encoder Mirror Driver' (P:0 D:0)
[2017.11.09-18.48.42:155][  0]LogWindows:    6. 'RDP Reflector Display Driver' (P:0 D:0)
[2017.11.09-18.48.42:155][  0]LogWindows: DebugString: GetVideoDriverDetailsInvalid PrimaryIsNotTheChoosenAdapter GetVideoDriverDetailsInvalid PrimaryIsNotTheChoosenAdapter GetVideoDriverDetailsInvalid PrimaryIsNotTheChoosenAdapter FoundDriverCount:4 
[2017.11.09-18.48.42:155][  0]LogD3D11RHI:     Adapter Name: NVIDIA GeForce GTX 770
[2017.11.09-18.48.42:155][  0]LogD3D11RHI:   Driver Version: 384.94 (internal:22.21.13.8494, unified:384.94)
[2017.11.09-18.48.42:155][  0]LogD3D11RHI:      Driver Date: 7-18-2017
[2017.11.09-18.48.42:155][  0]LogRHI: Texture pool is 1392 MB (70% of 1989 MB)
[2017.11.09-18.48.42:167][  0]LogD3D11RHI: Async texture creation enabled
[2017.11.09-18.48.42:182][  0]LogD3D11RHI: GPU Timing Frequency: 1000.000000 (Debug: 2 2)
[2017.11.09-18.48.42:185][  0]LogShaderCompilers: Guid format shader working directory is -11 characters bigger than the processId version (../../../../../../Users/s179140/Documents/Unreal Projects/FF/Intermediate/Shaders/WorkingDirectory/944/).
[2017.11.09-18.48.42:186][  0]LogShaderCompilers: Cleaned the shader compiler working directory 'C:/Users/s179140/AppData/Local/Temp/UnrealShaderWorkingDir/88B6CB7B4A7E0B5FEDA11E9EFC3591D3/'.
[2017.11.09-18.48.42:186][  0]LogShaderCompilers: Display: Using Local Shader Compiler.
[2017.11.09-18.48.43:277][  0]LogTemp: Display: Loaded TP AllDesktopTargetPlatform
[2017.11.09-18.48.43:348][  0]LogTemp: Display: Loaded TP MacClientTargetPlatform
[2017.11.09-18.48.43:420][  0]LogTemp: Display: Loaded TP MacNoEditorTargetPlatform
[2017.11.09-18.48.43:491][  0]LogTemp: Display: Loaded TP MacServerTargetPlatform
[2017.11.09-18.48.43:562][  0]LogTemp: Display: Loaded TP MacTargetPlatform
[2017.11.09-18.48.43:632][  0]LogTemp: Display: Loaded TP WindowsClientTargetPlatform
[2017.11.09-18.48.43:703][  0]LogTemp: Display: Loaded TP WindowsNoEditorTargetPlatform
[2017.11.09-18.48.43:774][  0]LogTemp: Display: Loaded TP WindowsServerTargetPlatform
[2017.11.09-18.48.43:837][  0]LogTemp: Display: Loaded TP WindowsTargetPlatform
[2017.11.09-18.48.43:907][  0]LogTemp: Display: Loaded TP Android_ASTCTargetPlatform
[2017.11.09-18.48.43:978][  0]LogTemp: Display: Loaded TP Android_ATCTargetPlatform
[2017.11.09-18.48.44:048][  0]LogTemp: Display: Loaded TP Android_DXTTargetPlatform
[2017.11.09-18.48.44:119][  0]LogTemp: Display: Loaded TP Android_ETC1TargetPlatform
[2017.11.09-18.48.44:188][  0]LogTemp: Display: Loaded TP Android_ETC2TargetPlatform
[2017.11.09-18.48.44:328][  0]LogTemp: Display: Loaded TP Android_MultiTargetPlatform
[2017.11.09-18.48.44:328][  0]LogTemp: Display: Loaded TP Android_PVRTCTargetPlatform
[2017.11.09-18.48.44:399][  0]LogTemp: Display: Loaded TP AndroidTargetPlatform
[2017.11.09-18.48.44:456][  0]LogTemp: Display: Loaded TP HTML5TargetPlatform
[2017.11.09-18.48.44:570][  0]LogTemp: Display: Loaded TP IOSTargetPlatform
[2017.11.09-18.48.44:607][  0]LogTemp: Display: Loaded TP TVOSTargetPlatform
[2017.11.09-18.48.44:676][  0]LogTemp: Display: Loaded TP LinuxClientTargetPlatform
[2017.11.09-18.48.44:746][  0]LogTemp: Display: Loaded TP LinuxNoEditorTargetPlatform
[2017.11.09-18.48.44:815][  0]LogTemp: Display: Loaded TP LinuxServerTargetPlatform
[2017.11.09-18.48.44:885][  0]LogTemp: Display: Loaded TP LinuxTargetPlatform
[2017.11.09-18.48.44:885][  0]LogTargetPlatformManager: Display: Building Assets For Windows
[2017.11.09-18.48.45:506][  0]LogDerivedDataCache: Display: Max Cache Size: 512 MB
[2017.11.09-18.48.45:591][  0]LogDerivedDataCache: Loaded boot cache 0.09s 78MB C:/Users/s179140/AppData/Local/UnrealEngine/4.18/DerivedDataCache/Boot.ddc.
[2017.11.09-18.48.45:591][  0]LogDerivedDataCache: Display: Loaded Boot cache: C:/Users/s179140/AppData/Local/UnrealEngine/4.18/DerivedDataCache/Boot.ddc
[2017.11.09-18.48.45:592][  0]LogDerivedDataCache: FDerivedDataBackendGraph:  Pak pak cache file ../../../../../../Users/s179140/Documents/Unreal Projects/FF/DerivedDataCache/DDC.ddp not found, will not use a pak cache.
[2017.11.09-18.48.45:592][  0]LogDerivedDataCache: Unable to find inner node Pak for hierarchical cache Hierarchy.
[2017.11.09-18.48.45:592][  0]LogDerivedDataCache: FDerivedDataBackendGraph:  CompressedPak pak cache file ../../../../../../Users/s179140/Documents/Unreal Projects/FF/DerivedDataCache/Compressed.ddp not found, will not use a pak cache.
[2017.11.09-18.48.45:592][  0]LogDerivedDataCache: Unable to find inner node CompressedPak for hierarchical cache Hierarchy.
[2017.11.09-18.48.45:611][  0]LogDerivedDataCache: Display: Pak cache opened for reading ../../../Engine/DerivedDataCache/Compressed.ddp.
[2017.11.09-18.48.45:623][  0]LogDerivedDataCache: Using Local data cache path C:/Users/s179140/AppData/Local/UnrealEngine/Common/DerivedDataCache: Writable
[2017.11.09-18.48.45:635][  0]LogMaterial: Verifying Global Shaders for PCD3D_SM5
[2017.11.09-18.48.45:635][  0]LogSlate: Using Freetype 2.6.0
[2017.11.09-18.48.45:636][  0]LogSlate: SlateFontCache - WITH_FREETYPE: 1, WITH_HARFBUZZ: 1
[2017.11.09-18.48.45:636][  0]LogSlate: SlateFontCache - WITH_FREETYPE: 1, WITH_HARFBUZZ: 1
[2017.11.09-18.48.46:106][  0]LogInit: Selected Device Profile: [Windows]
[2017.11.09-18.48.46:538][  0]LogSimplygon: Simplygon DLL not present - disabling.
[2017.11.09-18.48.46:596][  0]LogMeshReduction: Using SimplygonSwarm for distributed automatic mesh merging
[2017.11.09-18.48.46:596][  0]LogMeshReduction: Using QuadricMeshReduction for automatic static mesh reduction
[2017.11.09-18.48.46:596][  0]LogMeshReduction: No automatic skeletal mesh reduction module available
[2017.11.09-18.48.46:596][  0]LogMeshReduction: No automatic mesh merging module available
[2017.11.09-18.48.46:596][  0]LogMeshMerging: No automatic mesh merging module available
[2017.11.09-18.48.46:633][  0]LogNetVersion: FF , NetCL: 3709383, EngineNetVer: 2, GameNetVer: 0 (Checksum: 3366995239)
[2017.11.09-18.48.46:820][  0]LogAssetRegistry: FAssetRegistry took 0.0256 seconds to start up
[2017.11.09-18.48.47:409][  0]LogPackageLocalizationCache: Processed 7 localized package path(s) for 2 prioritized culture(s) in 0.083538 seconds
[2017.11.09-18.48.47:414][  0]LogUObjectArray: 35901 objects as part of root set at end of initial load.
[2017.11.09-18.48.47:414][  0]LogUObjectAllocator: 7372248 out of 0 bytes used by permanent object pool.
[2017.11.09-18.48.47:414][  0]LogUObjectArray: CloseDisregardForGC: 0/0 objects in disregard for GC pool
[2017.11.09-18.48.47:486][  0]LogInit: WinSock: version 1.1 (2.2), MaxSocks=32767, MaxUdp=65467
[2017.11.09-18.48.51:219][  0]LogTcpMessaging: Initializing TcpMessaging bridge
[2017.11.09-18.48.51:278][  0]LogUdpMessaging: Initializing bridge on interface 0.0.0.0:0 to multicast group 230.0.0.1:6666.
[2017.11.09-18.48.52:285][  0]LogMaterial: Uniform references updated for custom material expression Custom.
[2017.11.09-18.48.52:926][  0]SourceControl: Source control is disabled
[2017.11.09-18.48.52:926][  0]SourceControl: Source control is disabled
[2017.11.09-18.48.53:010][  0]SourceControl: Source control is disabled
[2017.11.09-18.48.53:093][  0]SourceControl: Source control is disabled
[2017.11.09-18.48.54:352][  0]LogAndroidPermission: UAndroidPermissionCallbackProxy::GetInstance
[2017.11.09-18.48.54:771][  0]LogOcInput: OculusInput pre-init called
[2017.11.09-18.48.55:190][  0]LogEngine: Initializing Engine...
[2017.11.09-18.48.55:192][  0]LogHMD: Failed to initialize OpenVR with code 110
[2017.11.09-18.48.55:451][  0]LogStats: UGameplayTagsManager::ConstructGameplayTagTree: Construct from data asset -  0.000 s
[2017.11.09-18.48.55:451][  0]LogStats: UGameplayTagsManager::ConstructGameplayTagTree: GameplayTagTreeChangedEvent.Broadcast -  0.000 s
[2017.11.09-18.48.55:634][  0]LogAIModule: Creating AISystem for world Untitled
[2017.11.09-18.48.55:650][  0]LogInit: XAudio2 using 'Headphones (High Definition Audio Device)' : 2 channels at 48 kHz using 32 bits per sample (channel mask 0x3)
[2017.11.09-18.48.55:704][  0]LogInit: FAudioDevice initialized.
[2017.11.09-18.48.55:779][  0]LogDerivedDataCache: Saved boot cache 0.07s 78MB C:/Users/s179140/AppData/Local/UnrealEngine/4.18/DerivedDataCache/Boot.ddc.
[2017.11.09-18.48.55:793][  0]LogInit: Texture streaming: Enabled
[2017.11.09-18.48.55:930][  0]LogEngineSessionManager: EngineSessionManager initialized
[2017.11.09-18.48.55:930][  0]LogEngineSessionManager: EngineSessionManager sent abnormal shutdown report. Type=AbnormalShutdown, SessionId={1E3CC3CF-4825-31FB-1049-C98D6A5CAC3E}
[2017.11.09-18.48.56:113][  0]LogInit: Transaction tracking system initialized
[2017.11.09-18.48.56:564][  0]BlueprintLog: New page: Editor Load
[2017.11.09-18.48.57:847][  0]LocalizationService: Localization service is disabled
[2017.11.09-18.48.59:015][  0]LogConsoleResponse: Display: 
[2017.11.09-18.48.59:235][  0]LogCook: Display: Max memory allowance for cook 16384mb min free memory 0mb
[2017.11.09-18.48.59:235][  0]LogCook: Display: Mobile HDR setting 1
[2017.11.09-18.48.59:235][  0]LogGameplayTags: Display: UGameplayTagsManager::DoneAddingNativeTags. DelegateIsBound: 0
[2017.11.09-18.48.59:715][  0]LogFileCache: Scanning file cache for directory 'C:/Users/s179140/Documents/Unreal Projects/FF/Content/' took 0.02s
[2017.11.09-18.49.00:962][  0]SourceControl: Source control is disabled
[2017.11.09-18.49.00:962][  0]Cmd: MAP LOAD FILE="../../../../../../Users/s179140/Documents/Unreal Projects/FF/Content/SideScrollerBP/Maps/SideScrollerExampleMap.umap" TEMPLATE=0 SHOWPROGRESS=1 FEATURELEVEL=3
[2017.11.09-18.49.00:963][  0]LightingResults: New page: Lighting Build
[2017.11.09-18.49.01:020][  0]MapCheck: New page: Map Check
[2017.11.09-18.49.01:020][  0]LightingResults: New page: Lighting Build
[2017.11.09-18.49.01:831][  0]LogAIModule: Creating AISystem for world SideScrollerExampleMap
[2017.11.09-18.49.01:858][  0]LogEditorServer: Finished looking for orphan Actors (0.000 secs)
[2017.11.09-18.49.01:882][  0]Cmd: MAP CHECKDEP NOCLEARLOG
[2017.11.09-18.49.01:998][  0]MapCheck: Map check complete: 0 Error(s), 0 Warning(s), took 116.354ms to complete.
[2017.11.09-18.49.01:998][  0]LogFileHelpers: Loading map 'SideScrollerExampleMap' took 1.036
[2017.11.09-18.49.02:204][  0]LogCollectionManager: Loaded 0 collections in 0.001534 seconds
[2017.11.09-18.49.02:301][  0]LogFileCache: Scanning file cache for directory 'C:/Users/s179140/Documents/Unreal Projects/FF/Saved/Collections/' took 0.01s
[2017.11.09-18.49.02:301][  0]LogFileCache: Scanning file cache for directory 'C:/Users/s179140/Documents/Unreal Projects/FF/Content/Developers/s179140/Collections/' took 0.01s
[2017.11.09-18.49.02:301][  0]LogFileCache: Scanning file cache for directory 'C:/Users/s179140/Documents/Unreal Projects/FF/Content/Collections/' took 0.01s
[2017.11.09-18.49.02:301][  0]LogCollectionManager: Rebuilt the GUID cache for 0 collections in 0.000001 seconds
[2017.11.09-18.49.02:311][  0]LogContentBrowser: Native class hierarchy populated in 0.0091 seconds. Added 2364 classes and 521 folders.
[2017.11.09-18.49.02:400][  0]LogContentBrowser: Native class hierarchy updated for 'WidgetCarousel' in 0.0003 seconds. Added 0 classes and 0 folders.
[2017.11.09-18.49.02:450][  0]LogContentBrowser: Native class hierarchy updated for 'AddContentDialog' in 0.0002 seconds. Added 0 classes and 0 folders.
[2017.11.09-18.49.03:474][  0]LogSlate: Only BGRA pngs, bmps or icos are supported in by External Image Picker
[2017.11.09-18.49.03:498][  0]LogSlate: Took 0.000680 seconds to synchronously load lazily loaded font '../../../Engine/Content/Slate/Fonts/Roboto-Regular.ttf' (155K)
[2017.11.09-18.49.03:504][  0]LogSlate: Took 0.000737 seconds to synchronously load lazily loaded font '../../../Engine/Content/Slate/Fonts/Roboto-Bold.ttf' (160K)
[2017.11.09-18.49.03:507][  0]LogSlate: Took 0.000373 seconds to synchronously load lazily loaded font '../../../Engine/Content/Editor/Slate/Fonts/FontAwesome.ttf' (139K)
[2017.11.09-18.49.03:644][  0]LogTemp: Executing iPhonePackager certificates Engine -bundlename com.YourCompany.FF
[2017.11.09-18.49.03:644][  0]LogTemp: CWD: C:\Program Files\Epic Games\UE_4.18\Engine\Binaries\DotNET\IOS
[2017.11.09-18.49.03:644][  0]LogTemp: Initial Dir: C:\Program Files\Epic Games\UE_4.18
[2017.11.09-18.49.03:644][  0]LogTemp: Env CWD: C:\Program Files\Epic Games\UE_4.18\Engine\Binaries\DotNET\IOS
[2017.11.09-18.49.03:644][  0]LogTemp: BranchPath = SEA-8E413E/C/Program Files/Epic Games/UE_4.18/Engine/Binaries --- GameBranchPath = SEA-8E413E/C/Program Files/Epic Games/UE_4.18/Engine/Binaries
[2017.11.09-18.49.03:644][  0]LogTemp: IPP ERROR: Could not find provision directory 'C:\Users\s179140\AppData\Local/Apple Computer/MobileDevice/Provisioning Profiles/'.
[2017.11.09-18.49.03:644][  0]LogRenderer: Reallocating scene render targets to support 1164x600 Format 10 NumSamples 1 (Frame:1).
[2017.11.09-18.49.03:870][  0]LogContentBrowser: Native class hierarchy updated for 'HierarchicalLODOutliner' in 0.0003 seconds. Added 1 classes and 2 folders.
[2017.11.09-18.49.03:871][  0]LogLoad: (Engine Initialization) Total time: 25.49 seconds
[2017.11.09-18.49.03:871][  0]LogLoad: (Engine Initialization) Total Blueprint compile time: 0.00 seconds
[2017.11.09-18.49.03:871][  0]LogExternalProfiler: No external profilers were discovered.  External profiling features will not be available.
[2017.11.09-18.49.03:905][  0]LogContentStreaming: Texture pool size now 1000 MB
[2017.11.09-18.49.03:970][  0]LogSlate: Took 0.000631 seconds to synchronously load lazily loaded font '../../../Engine/Content/Slate/Fonts/Roboto-Light.ttf' (159K)
[2017.11.09-18.49.03:995][  1]LogAssetRegistry: Asset discovery search completed in 17.1967 seconds
[2017.11.09-18.49.03:997][  1]LogCollectionManager: Rebuilt the object cache for 0 collections in 0.000000 seconds (found 0 objects)
[2017.11.09-18.49.03:997][  1]LogCollectionManager: Fixed up redirectors for 0 collections in 0.000037 seconds (updated 0 objects)
[2017.11.09-18.49.04:915][ 92]LogSlate: Took 0.000496 seconds to synchronously load lazily loaded font '../../../Engine/Content/Slate/Fonts/Roboto-Light.ttf' (159K)
[2017.11.09-18.51.37:242][147]LogSlate: Took 0.000192 seconds to synchronously load lazily loaded font '../../../Engine/Content/Slate/Fonts/Roboto-Light.ttf' (159K)
[2017.11.09-18.51.37:635][147]LogContentBrowser: Native class hierarchy updated for 'BlueprintGraph' in 0.0008 seconds. Added 116 classes and 0 folders.
[2017.11.09-18.51.38:798][147]LogBlueprintUserMessages: [FFPlayer_bp_C_1] null
[2017.11.09-18.51.38:798][147]LogBlueprintUserMessages: [FFPlayer_bp_C_1] null
[2017.11.09-18.51.38:805][147]LogSlate: Took 0.000284 seconds to synchronously load lazily loaded font '../../../Engine/Content/Editor/Slate/Fonts/Roboto-BoldCondensed.ttf' (158K)
[2017.11.09-18.51.39:024][148]LogSlate: Took 0.000300 seconds to synchronously load lazily loaded font '../../../Engine/Content/Editor/Slate/Fonts/Roboto-Italic.ttf' (157K)
[2017.11.09-18.51.50:971][836]LogSlate: Warning: Prevented a slow task dialog from being summoned while a context menu was open
[2017.11.09-18.51.51:079][836]LogMaterial: Missing cached shader map for material BogMyrtle_01_Fronds_Mat, compiling. 
[2017.11.09-18.51.51:255][836]LogMaterial: Missing cached shader map for material BogMyrtle_01_Billboard_Mat, compiling. 
[2017.11.09-18.51.51:510][836]LogMaterial: Missing cached shader map for material M_Fern_01, compiling. 
[2017.11.09-18.51.51:714][836]LogMaterial: Missing cached shader map for material M_Fern_01, compiling. 
[2017.11.09-18.51.51:961][836]LogMaterial: Uniform references updated for custom material expression Custom.
[2017.11.09-18.51.51:976][836]LogMaterial: Missing cached shader map for material M_Buttercup_Patch_01, compiling. 
[2017.11.09-18.51.52:165][836]LogMaterial: Missing cached shader map for material M_Buttercup_Patch_01, compiling. 
[2017.11.09-18.51.52:406][836]LogMaterial: Missing cached shader map for material M_FieldScabious_01, compiling. 
[2017.11.09-18.51.52:594][836]LogMaterial: Missing cached shader map for material M_FieldScabious_01, compiling. 
[2017.11.09-18.51.52:808][836]LogMaterial: Missing cached shader map for material M_HeatherNew_Master, compiling. 
[2017.11.09-18.51.53:005][836]LogMaterial: Missing cached shader map for material M_HeatherNew_MasterWorldColorVarience, compiling. 
[2017.11.09-18.51.53:195][836]LogMaterial: Missing cached shader map for material M_HeatherNew_Master, compiling. 
[2017.11.09-18.51.53:376][836]LogMaterial: Missing cached shader map for material M_HeatherNew_MasterWorldColorVarience, compiling. 
[2017.11.09-18.51.53:549][836]LogMaterial: Missing cached shader map for material M_HeatherNew_MasterWorldColorVarience, compiling. 
[2017.11.09-18.51.53:732][836]LogMaterial: Missing cached shader map for material M_HeatherNew_Master, compiling. 
[2017.11.09-18.51.53:967][836]LogMaterial: Missing cached shader map for material M_FieldGrass_01, compiling. 
[2017.11.09-18.51.54:152][836]LogMaterial: Missing cached shader map for material M_FieldGrass_01, compiling. 
[2017.11.09-18.51.54:345][836]LogMaterial: Missing cached shader map for material M_FieldGrass_01, compiling. 
[2017.11.09-18.51.54:549][836]LogMaterial: Missing cached shader map for material M_DeadLeaves, compiling. 
[2017.11.09-18.51.56:938][836]LogTexture: Display: Building textures: T_GDC_Tiling_LeafPathStones_D_R (AutoDXT, 4096X4096)
[2017.11.09-18.52.13:261][836]LogTexture: Display: Building textures: T_GDC_Grass01_D_NoisyAlpha (AutoDXT, 2048X2048)
[2017.11.09-18.52.17:234][836]LogMaterial: Missing cached shader map for material M_AssetPlatform_Grass, compiling. 
[2017.11.09-18.52.17:474][836]LogMaterial: Missing cached shader map for material M_Ground_Grass2, compiling. 
[2017.11.09-18.52.50:368][836]LogTexture: Display: Building textures: T_ground_Moss_D (AutoDXT, 2048X2048)
[2017.11.09-18.52.50:368][836]LogTexture: Display: Building textures: T_gravelTile_01_H (AutoDXT, 4096X4096)
[2017.11.09-18.52.50:368][836]LogTexture: Display: Building textures: T_gravelTile_01_N (BC5, 8192X8192)
[2017.11.09-18.52.50:368][836]LogTexture: Display: Building textures: T_GDC_StonePath_Tile_H (AutoDXT, 8192X8192)
[2017.11.09-18.52.50:368][836]LogTexture: Display: Building textures: T_gravelTile_01_D_R (AutoDXT, 4096X4096)
[2017.11.09-18.53.15:791][836]LogMaterial: Missing cached shader map for material M_Photoscan_Master_Displacement, compiling. 
[2017.11.09-18.53.16:263][836]LogMaterial: Missing cached shader map for material M_Photoscan_Master_Displacement, compiling. 
[2017.11.09-18.53.22:015][836]LogTexture: Display: Building textures: T_gravelTile_01A_H (AutoDXT, 4096X4096)
[2017.11.09-18.53.22:015][836]LogTexture: Display: Building textures: T_gravelTile_01A_N (BC5, 4096X4096)
[2017.11.09-18.53.22:015][836]LogTexture: Display: Building textures: T_gravelTile_01A_D_R (AutoDXT, 4096X4096)
[2017.11.09-18.53.49:833][836]LogTexture: Display: Building textures: T_Tiling_LavaFlow002_H (AutoDXT, 4096X4096)
[2017.11.09-18.53.49:833][836]LogTexture: Display: Building textures: T_Tiling_LavaFlow002_N (BC5, 4096X4096)
[2017.11.09-18.53.49:833][836]LogTexture: Display: Building textures: T_LavaFlow002_D_R (AutoDXT, 4096X4096)
[2017.11.09-18.54.17:684][836]LogTexture: Display: Building textures: T_GDC_Tiling_LeafPath_H (AutoDXT, 4096X4096)
[2017.11.09-18.54.17:684][836]LogTexture: Display: Building textures: T_GDC_Tiling_LeafPath_N (BC5, 4096X4096)
[2017.11.09-18.54.17:684][836]LogTexture: Display: Building textures: T_GDC_Tiling_LeafPath_D_R (AutoDXT, 4096X4096)
[2017.11.09-18.55.06:546][836]LogTexture: Display: Building textures: T_Tile_RiverPebbles_H (AutoDXT, 8192X8192)
[2017.11.09-18.55.06:546][836]LogTexture: Display: Building textures: T_Tile_RiverPebbles_N (BC5, 8192X8192)
[2017.11.09-18.55.06:546][836]LogTexture: Display: Building textures: T_RiverPebbles_001_D_R (AutoDXT, 8192X8192)
[2017.11.09-18.56.42:985][836]LogTexture: Display: Building textures: T_GDC_RockFace003_H (AutoDXT, 8192X8192)
[2017.11.09-18.56.42:985][836]LogTexture: Display: Building textures: T_GDC_RockFace003_N (BC5, 8192X8192)
[2017.11.09-18.56.42:985][836]LogTexture: Display: Building textures: T_GDC_RockFace003_D_R (AutoDXT, 8192X8192)
[2017.11.09-18.57.50:257][836]LogTexture: Display: Building textures: T_GDC_StonePath_Tile_N (BC5, 8192X8192)
[2017.11.09-18.57.50:257][836]LogTexture: Display: Building textures: T_GDC_StonePath_Tile_D_R (AutoDXT, 8192X8192)
[2017.11.09-18.58.59:538][836]LogTexture: Display: Building textures: T_GroundRevealRock002_N (BC5, 8192X8192)
[2017.11.09-18.58.59:538][836]LogTexture: Display: Building textures: T_GroundRevealRock002_D_CC_R (AutoDXT, 8192X8192)
[2017.11.09-18.59.44:182][836]LogStaticMesh: Building static mesh SM_GroundRevealRock002...
[2017.11.09-18.59.44:376][836]LogStaticMesh: Built static mesh [0.19s] /Game/KiteDemo/Environments/Rocks/GroundRevealRock002/SM_GroundRevealRock002.SM_GroundRevealRock002
[2017.11.09-19.00.02:489][836]LogTexture: Display: Building textures: T_LargePlainsBoulder002_N (BC5, 8192X8192)
[2017.11.09-19.00.02:489][836]LogTexture: Display: Building textures: T_LargePlainsBoulder002_D_R (AutoDXT, 8192X8192)
[2017.11.09-19.00.56:044][836]LogStaticMesh: Building static mesh SM_LargePlainsBoulder002...
[2017.11.09-19.00.56:290][836]LogStaticMesh: Built static mesh [0.25s] /Game/KiteDemo/Environments/Rocks/LargePlainsBoulder002/SM_LargePlainsBoulder002.SM_LargePlainsBoulder002
[2017.11.09-19.01.15:310][836]LogTexture: Display: Building textures: T_GDC_LargeVolcanicRock_001_N (BC5, 8192X8192)
[2017.11.09-19.01.15:310][836]LogTexture: Display: Building textures: T_GDC_LargeVolcanicRock_001_D2_R (AutoDXT, 8192X8192)
[2017.11.09-19.02.07:066][836]LogStaticMesh: Building static mesh LargeVolcanicRock_001...
[2017.11.09-19.02.07:300][836]LogStaticMesh: Built static mesh [0.23s] /Game/KiteDemo/Environments/Rocks/Large_Volcanic_Rock_001/LargeVolcanicRock_001.LargeVolcanicRock_001
[2017.11.09-19.02.07:357][836]LogStaticMesh: Building static mesh LargeVolcanicRock_002...
[2017.11.09-19.02.07:628][836]LogStaticMesh: Built static mesh [0.27s] /Game/KiteDemo/Environments/Rocks/Large_Volcanic_Rock_001/LargeVolcanicRock_002.LargeVolcanicRock_002
[2017.11.09-19.02.07:685][836]LogStaticMesh: Building static mesh LargeVolcanicRock_003...
[2017.11.09-19.02.07:940][836]LogStaticMesh: Built static mesh [0.25s] /Game/KiteDemo/Environments/Rocks/Large_Volcanic_Rock_001/LargeVolcanicRock_003.LargeVolcanicRock_003
[2017.11.09-19.02.07:997][836]LogStaticMesh: Building static mesh LargeVolcanicRock_004...
[2017.11.09-19.02.08:260][836]LogStaticMesh: Built static mesh [0.26s] /Game/KiteDemo/Environments/Rocks/Large_Volcanic_Rock_001/LargeVolcanicRock_004.LargeVolcanicRock_004
[2017.11.09-19.02.12:516][836]LogTexture: Display: Building textures: Medium_Boulder_001_N_4096 (BC5, 4096X4096)
[2017.11.09-19.02.12:516][836]LogTexture: Display: Building textures: Medium_Boulder_001_D_4096CC_R (AutoDXT, 4096X4096)
[2017.11.09-19.02.22:393][836]LogStaticMesh: Building static mesh Medium_Boulder_001...
[2017.11.09-19.02.22:471][836]LogStaticMesh: Built static mesh [0.08s] /Game/KiteDemo/Environments/Rocks/Medium_Boulder_001/Medium_Boulder_001.Medium_Boulder_001
[2017.11.09-19.02.26:519][836]LogTexture: Display: Building textures: Medium_Boulder_002_N_4096 (BC5, 4096X4096)
[2017.11.09-19.02.26:519][836]LogTexture: Display: Building textures: Medium_Boulder_002_D_CC_R (AutoDXT, 4096X4096)
[2017.11.09-19.02.35:626][836]LogStaticMesh: Building static mesh Medium_Boulder_LowPoly...
[2017.11.09-19.02.35:677][836]LogStaticMesh: Built static mesh [0.05s] /Game/KiteDemo/Environments/Rocks/Medium_Boulder_002/Medium_Boulder_LowPoly.Medium_Boulder_LowPoly
[2017.11.09-19.02.54:152][836]LogTexture: Display: Building textures: T_MountainRock_N (BC5, 8192X8192)
[2017.11.09-19.02.54:152][836]LogTexture: Display: Building textures: T_MountainRock_D (AutoDXT, 8192X8192)
[2017.11.09-19.03.28:180][836]LogMaterial: Missing cached shader map for material M_Photoscan_Master, compiling. 
[2017.11.09-19.04.12:287][836]LogTexture: Display: Building textures: T_MountainRock_Closed_D2 (AutoDXT, 8192X8192)
[2017.11.09-19.04.12:287][836]LogTexture: Display: Building textures: T_MountainRock_Closed_N (BC5, 8192X8192)
[2017.11.09-19.04.12:287][836]LogStaticMesh: Building static mesh SM_MountainRock...
[2017.11.09-19.04.12:433][836]LogStaticMesh: Built static mesh [0.15s] /Game/KiteDemo/Environments/Rocks/Mountain_RockFace_002/SM_MountainRock.SM_MountainRock
[2017.11.09-19.04.12:464][836]LogStaticMesh: Building static mesh SM_MountainRock_Closed...
[2017.11.09-19.04.12:739][836]LogStaticMesh: Built static mesh [0.28s] /Game/KiteDemo/Environments/Rocks/Mountain_RockFace_002/SM_MountainRock_Closed.SM_MountainRock_Closed
[2017.11.09-19.04.17:450][836]LogTexture: Display: Building textures: T_MountainRock_Closed_D (AutoDXT, 8192X8192)
[2017.11.09-19.05.04:345][836]LogTexture: Display: Building textures: T_River_Rock_01_N (BC5, 4096X4096)
[2017.11.09-19.05.04:345][836]LogTexture: Display: Building textures: T_River_Rock_01_D_CC_R (AutoDXT, 4096X4096)
[2017.11.09-19.05.15:228][836]LogStaticMesh: Building static mesh SM_River_Rock_01...
[2017.11.09-19.05.15:250][836]LogStaticMesh: Built static mesh [0.02s] /Game/KiteDemo/Environments/Rocks/River_Rock_01/SM_River_Rock_01.SM_River_Rock_01
[2017.11.09-19.05.56:428][836]LogTexture: Display: Building textures: T_Scree_001_N (AutoDXT, 8192X8192)
[2017.11.09-19.05.56:428][836]LogTexture: Display: Building textures: T_Scree_001_D_CC (AutoDXT, 8192X8192)
[2017.11.09-19.06.40:754][836]LogStaticMesh: Building static mesh Scree_001...
[2017.11.09-19.06.41:430][836]LogStaticMesh: Built static mesh [0.68s] /Game/KiteDemo/Environments/Rocks/Scree001/Scree_001.Scree_001
[2017.11.09-19.06.41:536][836]LogStaticMesh: Building static mesh Scree_001_A...
[2017.11.09-19.06.41:860][836]LogStaticMesh: Built static mesh [0.32s] /Game/KiteDemo/Environments/Rocks/Scree001/Scree_001_A.Scree_001_A
[2017.11.09-19.06.41:917][836]LogStaticMesh: Building static mesh Scree_001_B...
[2017.11.09-19.06.42:353][836]LogStaticMesh: Built static mesh [0.44s] /Game/KiteDemo/Environments/Rocks/Scree001/Scree_001_B.Scree_001_B
[2017.11.09-19.07.00:710][836]LogTexture: Display: Building textures: T_Scree002_N (BC5, 8192X8192)
[2017.11.09-19.07.00:710][836]LogTexture: Display: Building textures: T_Scree002_D_R (AutoDXT, 8192X8192)
[2017.11.09-19.07.44:995][836]LogStaticMesh: Building static mesh SM_Scree002a...
[2017.11.09-19.07.45:311][836]LogStaticMesh: Built static mesh [0.32s] /Game/KiteDemo/Environments/Rocks/Scree002/SM_Scree002a.SM_Scree002a
[2017.11.09-19.07.45:361][836]LogStaticMesh: Building static mesh SM_Scree002b...
[2017.11.09-19.07.45:578][836]LogStaticMesh: Built static mesh [0.22s] /Game/KiteDemo/Environments/Rocks/Scree002/SM_Scree002b.SM_Scree002b
[2017.11.09-19.07.45:624][836]LogStaticMesh: Building static mesh SM_Scree002_Bend...
[2017.11.09-19.07.45:996][836]LogStaticMesh: Built static mesh [0.37s] /Game/KiteDemo/Environments/Rocks/Scree002/SM_Scree002_Bend.SM_Scree002_Bend
[2017.11.09-19.07.46:089][836]LogStaticMesh: Building static mesh SM_Scree002_NEW...
[2017.11.09-19.07.46:667][836]LogStaticMesh: Built static mesh [0.58s] /Game/KiteDemo/Environments/Rocks/Scree002/SM_Scree002_NEW.SM_Scree002_NEW
[2017.11.09-19.07.46:760][836]LogMaterial: Missing cached shader map for material HillTree_01_Billboard_Mat, compiling. 
[2017.11.09-19.07.46:859][836]LogMaterial: Missing cached shader map for material HillTree_01_Branches_2_Mat, compiling. 
[2017.11.09-19.07.46:999][836]LogMaterial: Missing cached shader map for material HillTree_01_Branches_Mat, compiling. 
[2017.11.09-19.07.47:158][836]LogMaterial: Missing cached shader map for material HillTree_01_Fronds_Mat, compiling. 
[2017.11.09-19.07.47:344][836]LogMaterial: Missing cached shader map for material HillTree_01_Leaves_Mat, compiling. 
[2017.11.09-19.07.47:528][836]LogMaterial: Missing cached shader map for material HillTree_01_Leaves_Mat2, compiling. 
[2017.11.09-19.07.47:832][836]LogMaterial: Missing cached shader map for material M_CustomDepthBillboard, compiling. 
[2017.11.09-19.07.48:146][836]LogStaticMesh: Building static mesh HillTree_02...
