Log file open, 11/09/17 10:39:49
LogWindows: Failed to load 'aqProf.dll' (GetLastError=126)
LogWindows: File 'aqProf.dll' does not exist
LogWindows: Failed to load 'VtuneApi.dll' (GetLastError=126)
LogWindows: File 'VtuneApi.dll' does not exist
LogWindows: Failed to load 'VtuneApi32e.dll' (GetLastError=126)
LogWindows: File 'VtuneApi32e.dll' does not exist
LogInit: Display: Running engine for game: FF
LogPlatformFile: Not using cached read wrapper
LogInit: Display: RandInit(1948716303) SRandInit(1948716304).
LogInit: Read version file with build ID '3709383'
LogInit: Overriding engine version to CL 3709383, compatible CL 3709383
LogInit: Registered custom module enumerator with build ID '3709383'
LogTaskGraph: Started task graph with 5 named threads and 14 total threads with 3 sets of task threads.
LogStats: Stats thread started at 0.166765
LogD3D11RHI: Aftermath initialized
LogModuleManager: Display: Found up-to-date module file ../../../Engine/Plugins/2D/Paper2D/Binaries/Win64/UE4Editor-Paper2D.dll (API version 3709383).
LogModuleManager: Display: Found up-to-date module file ../../../Engine/Plugins/2D/Paper2D/Binaries/Win64/UE4Editor-Paper2DEditor.dll (API version 3709383).
LogModuleManager: Display: Found up-to-date module file ../../../Engine/Plugins/2D/Paper2D/Binaries/Win64/UE4Editor-PaperSpriteSheetImporter.dll (API version 3709383).
LogModuleManager: Display: Found up-to-date module file ../../../Engine/Plugins/2D/Paper2D/Binaries/Win64/UE4Editor-PaperTiledImporter.dll (API version 3709383).
LogModuleManager: Display: Found up-to-date module file ../../../Engine/Plugins/2D/Paper2D/Binaries/Win64/UE4Editor-SmartSnapping.dll (API version 3709383).
LogModuleManager: Display: Found up-to-date module file ../../../Engine/Plugins/Blendables/LightPropagationVolume/Binaries/Win64/UE4Editor-LightPropagationVolumeRuntime.dll (API version 3709383).
LogModuleManager: Display: Found up-to-date module file ../../../Engine/Plugins/Blendables/LightPropagationVolume/Binaries/Win64/UE4Editor-LightPropagationVolumeEditor.dll (API version 3709383).
LogModuleManager: Display: Found up-to-date module file ../../../Engine/Plugins/Developer/GitSourceControl/Binaries/Win64/UE4Editor-GitSourceControl.dll (API version 3709383).
LogModuleManager: Display: Found up-to-date module file ../../../Engine/Plugins/Developer/PerforceSourceControl/Binaries/Win64/UE4Editor-PerforceSourceControl.dll (API version 3709383).
LogModuleManager: Display: Found up-to-date module file ../../../Engine/Plugins/Developer/SubversionSourceControl/Binaries/Win64/UE4Editor-SubversionSourceControl.dll (API version 3709383).
LogModuleManager: Display: Found up-to-date module file ../../../Engine/Plugins/Developer/UObjectPlugin/Binaries/Win64/UE4Editor-UObjectPlugin.dll (API version 3709383).
LogModuleManager: Display: Found up-to-date module file ../../../Engine/Plugins/Developer/VisualStudioCodeSourceCodeAccess/Binaries/Win64/UE4Editor-VisualStudioCodeSourceCodeAccess.dll (API version 3709383).
LogModuleManager: Display: Found up-to-date module file ../../../Engine/Plugins/Developer/VisualStudioSourceCodeAccess/Binaries/Win64/UE4Editor-VisualStudioSourceCodeAccess.dll (API version 3709383).
LogModuleManager: Display: Found up-to-date module file ../../../Engine/Plugins/Editor/AssetManagerEditor/Binaries/Win64/UE4Editor-AssetManagerEditor.dll (API version 3709383).
LogModuleManager: Display: Found up-to-date module file ../../../Engine/Plugins/Editor/AudioCapture/Binaries/Win64/UE4Editor-AudioCapture.dll (API version 3709383).
LogModuleManager: Display: Found up-to-date module file ../../../Engine/Plugins/Editor/FacialAnimation/Binaries/Win64/UE4Editor-FacialAnimation.dll (API version 3709383).
LogModuleManager: Display: Found up-to-date module file ../../../Engine/Plugins/Editor/FacialAnimation/Binaries/Win64/UE4Editor-FacialAnimationEditor.dll (API version 3709383).
LogModuleManager: Display: Found up-to-date module file ../../../Engine/Plugins/Editor/GameplayTagsEditor/Binaries/Win64/UE4Editor-GameplayTagsEditor.dll (API version 3709383).
LogModuleManager: Display: Found up-to-date module file ../../../Engine/Plugins/Editor/MobileLauncherProfileWizard/Binaries/Win64/UE4Editor-MobileLauncherProfileWizard.dll (API version 3709383).
LogModuleManager: Display: Found up-to-date module file ../../../Engine/Plugins/Editor/PluginBrowser/Binaries/Win64/UE4Editor-PluginBrowser.dll (API version 3709383).
LogModuleManager: Display: Found up-to-date module file ../../../Engine/Plugins/Editor/SpeedTreeImporter/Binaries/Win64/UE4Editor-SpeedTreeImporter.dll (API version 3709383).
LogModuleManager: Display: Found up-to-date module file ../../../Engine/Plugins/Experimental/AlembicImporter/Binaries/Win64/UE4Editor-AlembicImporter.dll (API version 3709383).
LogModuleManager: Display: Found up-to-date module file ../../../Engine/Plugins/Experimental/AlembicImporter/Binaries/Win64/UE4Editor-AlembicLibrary.dll (API version 3709383).
LogModuleManager: Display: Found up-to-date module file ../../../Engine/Plugins/Experimental/CharacterAI/Binaries/Win64/UE4Editor-CharacterAI.dll (API version 3709383).
LogModuleManager: Display: Found up-to-date module file ../../../Engine/Plugins/Experimental/HTML5Networking/Binaries/Win64/UE4Editor-HTML5Networking.dll (API version 3709383).
LogModuleManager: Display: Found up-to-date module file ../../../Engine/Plugins/Media/AndroidMedia/Binaries/Win64/UE4Editor-AndroidMediaEditor.dll (API version 3709383).
LogModuleManager: Display: Found up-to-date module file ../../../Engine/Plugins/Media/AndroidMedia/Binaries/Win64/UE4Editor-AndroidMediaFactory.dll (API version 3709383).
LogModuleManager: Display: Found up-to-date module file ../../../Engine/Plugins/Media/AvfMedia/Binaries/Win64/UE4Editor-AvfMediaEditor.dll (API version 3709383).
LogModuleManager: Display: Found up-to-date module file ../../../Engine/Plugins/Media/AvfMedia/Binaries/Win64/UE4Editor-AvfMediaFactory.dll (API version 3709383).
LogModuleManager: Display: Found up-to-date module file ../../../Engine/Plugins/Media/AvfMedia/Binaries/Win64/UE4Editor-AvfMediaFactory.dll (API version 3709383).
LogModuleManager: Display: Found up-to-date module file ../../../Engine/Plugins/Media/ImgMedia/Binaries/Win64/UE4Editor-ImgMedia.dll (API version 3709383).
LogModuleManager: Display: Found up-to-date module file ../../../Engine/Plugins/Media/ImgMedia/Binaries/Win64/UE4Editor-ImgMediaEditor.dll (API version 3709383).
LogModuleManager: Display: Found up-to-date module file ../../../Engine/Plugins/Media/ImgMedia/Binaries/Win64/UE4Editor-ImgMediaFactory.dll (API version 3709383).
LogModuleManager: Display: Found up-to-date module file ../../../Engine/Plugins/Media/ImgMedia/Binaries/Win64/UE4Editor-ImgMediaFactory.dll (API version 3709383).
LogModuleManager: Display: Found up-to-date module file ../../../Engine/Plugins/Media/ImgMedia/Binaries/Win64/UE4Editor-OpenExrWrapper.dll (API version 3709383).
LogModuleManager: Display: Found up-to-date module file ../../../Engine/Plugins/Media/MediaCompositing/Binaries/Win64/UE4Editor-MediaCompositing.dll (API version 3709383).
LogModuleManager: Display: Found up-to-date module file ../../../Engine/Plugins/Media/MediaCompositing/Binaries/Win64/UE4Editor-MediaCompositingEditor.dll (API version 3709383).
LogModuleManager: Display: Found up-to-date module file ../../../Engine/Plugins/Media/MediaPlayerEditor/Binaries/Win64/UE4Editor-MediaPlayerEditor.dll (API version 3709383).
LogModuleManager: Display: Found up-to-date module file ../../../Engine/Plugins/Media/WmfMedia/Binaries/Win64/UE4Editor-WmfMedia.dll (API version 3709383).
LogModuleManager: Display: Found up-to-date module file ../../../Engine/Plugins/Media/WmfMedia/Binaries/Win64/UE4Editor-WmfMediaEditor.dll (API version 3709383).
LogModuleManager: Display: Found up-to-date module file ../../../Engine/Plugins/Media/WmfMedia/Binaries/Win64/UE4Editor-WmfMediaFactory.dll (API version 3709383).
LogModuleManager: Display: Found up-to-date module file ../../../Engine/Plugins/Media/WmfMedia/Binaries/Win64/UE4Editor-WmfMediaFactory.dll (API version 3709383).
LogModuleManager: Display: Found up-to-date module file ../../../Engine/Plugins/Messaging/TcpMessaging/Binaries/Win64/UE4Editor-TcpMessaging.dll (API version 3709383).
LogModuleManager: Display: Found up-to-date module file ../../../Engine/Plugins/Messaging/UdpMessaging/Binaries/Win64/UE4Editor-UdpMessaging.dll (API version 3709383).
LogModuleManager: Display: Found up-to-date module file ../../../Engine/Plugins/MovieScene/ActorSequence/Binaries/Win64/UE4Editor-ActorSequence.dll (API version 3709383).
LogModuleManager: Display: Found up-to-date module file ../../../Engine/Plugins/MovieScene/LevelSequenceEditor/Binaries/Win64/UE4Editor-LevelSequenceEditor.dll (API version 3709383).
LogModuleManager: Display: Found up-to-date module file ../../../Engine/Plugins/MovieScene/MatineeToLevelSequence/Binaries/Win64/UE4Editor-MatineeToLevelSequence.dll (API version 3709383).
LogModuleManager: Display: Found up-to-date module file ../../../Engine/Plugins/Online/OnlineSubsystem/Binaries/Win64/UE4Editor-OnlineSubsystem.dll (API version 3709383).
LogModuleManager: Display: Found up-to-date module file ../../../Engine/Plugins/Runtime/AndroidPermission/Binaries/Win64/UE4Editor-AndroidPermission.dll (API version 3709383).
LogModuleManager: Display: Found up-to-date module file ../../../Engine/Plugins/Online/OnlineSubsystemNull/Binaries/Win64/UE4Editor-OnlineSubsystemNull.dll (API version 3709383).
LogModuleManager: Display: Found up-to-date module file ../../../Engine/Plugins/Online/OnlineSubsystemUtils/Binaries/Win64/UE4Editor-OnlineSubsystemUtils.dll (API version 3709383).
LogModuleManager: Display: Found up-to-date module file ../../../Engine/Plugins/Online/OnlineSubsystemUtils/Binaries/Win64/UE4Editor-OnlineBlueprintSupport.dll (API version 3709383).
LogModuleManager: Display: Found up-to-date module file ../../../Engine/Plugins/Runtime/AndroidDeviceProfileSelector/Binaries/Win64/UE4Editor-AndroidDeviceProfileSelector.dll (API version 3709383).
LogModuleManager: Display: Found up-to-date module file ../../../Engine/Plugins/Runtime/AppleARKit/Binaries/Win64/UE4Editor-AppleARKit.dll (API version 3709383).
LogModuleManager: Display: Found up-to-date module file ../../../Engine/Plugins/Runtime/ArchVisCharacter/Binaries/Win64/UE4Editor-ArchVisCharacter.dll (API version 3709383).
LogModuleManager: Display: Found up-to-date module file ../../../Engine/Plugins/Runtime/CableComponent/Binaries/Win64/UE4Editor-CableComponent.dll (API version 3709383).
LogModuleManager: Display: Found up-to-date module file ../../../Engine/Plugins/Runtime/CustomMeshComponent/Binaries/Win64/UE4Editor-CustomMeshComponent.dll (API version 3709383).
LogModuleManager: Display: Found up-to-date module file ../../../Engine/Plugins/Runtime/ExampleDeviceProfileSelector/Binaries/Win64/UE4Editor-ExampleDeviceProfileSelector.dll (API version 3709383).
LogModuleManager: Display: Found up-to-date module file ../../../Engine/Plugins/Runtime/ImmediatePhysics/Binaries/Win64/UE4Editor-ImmediatePhysics.dll (API version 3709383).
LogModuleManager: Display: Found up-to-date module file ../../../Engine/Plugins/Runtime/ImmediatePhysics/Binaries/Win64/UE4Editor-ImmediatePhysicsEditor.dll (API version 3709383).
LogModuleManager: Display: Found up-to-date module file ../../../Engine/Plugins/Runtime/LocationServicesBPLibrary/Binaries/Win64/UE4Editor-LocationServicesBPLibrary.dll (API version 3709383).
LogModuleManager: Display: Found up-to-date module file ../../../Engine/Plugins/Runtime/MobilePatchingUtils/Binaries/Win64/UE4Editor-MobilePatchingUtils.dll (API version 3709383).
LogModuleManager: Display: Found up-to-date module file ../../../Engine/Plugins/Runtime/Oculus/OculusVR/Binaries/Win64/UE4Editor-OculusHMD.dll (API version 3709383).
LogModuleManager: Display: Found up-to-date module file ../../../Engine/Plugins/Runtime/Oculus/OculusVR/Binaries/Win64/UE4Editor-OculusInput.dll (API version 3709383).
LogModuleManager: Display: Found up-to-date module file ../../../Engine/Plugins/Runtime/Oculus/OculusVR/Binaries/Win64/UE4Editor-OculusEditor.dll (API version 3709383).
LogModuleManager: Display: Found up-to-date module file ../../../Engine/Plugins/Runtime/PhysXVehicles/Binaries/Win64/UE4Editor-PhysXVehicles.dll (API version 3709383).
LogModuleManager: Display: Found up-to-date module file ../../../Engine/Plugins/Runtime/PhysXVehicles/Binaries/Win64/UE4Editor-PhysXVehiclesEditor.dll (API version 3709383).
LogModuleManager: Display: Found up-to-date module file ../../../Engine/Plugins/Runtime/ProceduralMeshComponent/Binaries/Win64/UE4Editor-ProceduralMeshComponent.dll (API version 3709383).
LogModuleManager: Display: Found up-to-date module file ../../../Engine/Plugins/Runtime/ProceduralMeshComponent/Binaries/Win64/UE4Editor-ProceduralMeshComponentEditor.dll (API version 3709383).
LogModuleManager: Display: Found up-to-date module file ../../../Engine/Plugins/Runtime/RuntimePhysXCooking/Binaries/Win64/UE4Editor-RuntimePhysXCooking.dll (API version 3709383).
LogModuleManager: Display: Found up-to-date module file ../../../Engine/Plugins/Runtime/Steam/SteamVR/Binaries/Win64/UE4Editor-SteamVR.dll (API version 3709383).
LogModuleManager: Display: Found up-to-date module file ../../../Engine/Plugins/Runtime/Steam/SteamVR/Binaries/Win64/UE4Editor-SteamVRController.dll (API version 3709383).
LogModuleManager: Display: Found up-to-date module file ../../../Engine/Plugins/Runtime/WindowsMoviePlayer/Binaries/Win64/UE4Editor-WindowsMoviePlayer.dll (API version 3709383).
LogPluginManager: Mounting plugin Paper2D
LogPluginManager: Mounting plugin LightPropagationVolume
LogPluginManager: Mounting plugin CodeLiteSourceCodeAccess
LogPluginManager: Mounting plugin GitSourceControl
LogPluginManager: Mounting plugin KDevelopSourceCodeAccess
LogPluginManager: Mounting plugin NullSourceCodeAccess
LogPluginManager: Mounting plugin PerforceSourceControl
LogPluginManager: Mounting plugin SubversionSourceControl
LogPluginManager: Mounting plugin UObjectPlugin
LogPluginManager: Mounting plugin VisualStudioCodeSourceCodeAccess
LogPluginManager: Mounting plugin VisualStudioSourceCodeAccess
LogPluginManager: Mounting plugin XCodeSourceCodeAccess
LogPluginManager: Mounting plugin AssetManagerEditor
LogPluginManager: Mounting plugin AudioCapture
LogPluginManager: Mounting plugin FacialAnimation
LogPluginManager: Mounting plugin GameplayTagsEditor
LogPluginManager: Mounting plugin MobileLauncherProfileWizard
LogPluginManager: Mounting plugin PluginBrowser
LogPluginManager: Mounting plugin SpeedTreeImporter
LogPluginManager: Mounting plugin AlembicImporter
LogPluginManager: Mounting plugin CharacterAI
LogPluginManager: Mounting plugin HTML5Networking
LogPluginManager: Mounting plugin AndroidMedia
LogPluginManager: Mounting plugin AvfMedia
LogPluginManager: Mounting plugin ImgMedia
LogPluginManager: Mounting plugin MediaCompositing
LogPluginManager: Mounting plugin MediaPlayerEditor
LogPluginManager: Mounting plugin WmfMedia
LogPluginManager: Mounting plugin TcpMessaging
LogPluginManager: Mounting plugin UdpMessaging
LogPluginManager: Mounting plugin ActorSequence
LogPluginManager: Mounting plugin LevelSequenceEditor
LogPluginManager: Mounting plugin MatineeToLevelSequence
LogPluginManager: Mounting plugin OnlineSubsystemGooglePlay
LogPluginManager: Mounting plugin OnlineSubsystemIOS
LogPluginManager: Mounting plugin OnlineSubsystem
LogPluginManager: Mounting plugin OnlineSubsystemNull
LogPluginManager: Mounting plugin OnlineSubsystemUtils
LogPluginManager: Mounting plugin AndroidDeviceProfileSelector
LogPluginManager: Mounting plugin AndroidMoviePlayer
LogPluginManager: Mounting plugin AndroidPermission
LogPluginManager: Mounting plugin AppleARKit
LogPluginManager: Mounting plugin AppleMoviePlayer
LogPluginManager: Mounting plugin ArchVisCharacter
LogPluginManager: Mounting plugin CableComponent
LogPluginManager: Mounting plugin CustomMeshComponent
LogPluginManager: Mounting plugin ExampleDeviceProfileSelector
LogPluginManager: Mounting plugin GoogleCloudMessaging
LogPluginManager: Mounting plugin ImmediatePhysics
LogPluginManager: Mounting plugin IOSDeviceProfileSelector
LogPluginManager: Mounting plugin LinuxDeviceProfileSelector
LogPluginManager: Mounting plugin LocationServicesBPLibrary
LogPluginManager: Mounting plugin MobilePatchingUtils
LogPluginManager: Mounting plugin OculusVR
LogPluginManager: Plugin shader directory ../../../Engine/Plugins/Runtime/Oculus/OculusVR/Shaders found
LogPluginManager: Mapping shader source directory ../../../Engine/Plugins/Runtime/Oculus/OculusVR/Shaders to virtual directory /Plugin/OculusVR
LogPluginManager: Mounting plugin PhysXVehicles
LogPluginManager: Mounting plugin ProceduralMeshComponent
LogPluginManager: Mounting plugin RuntimePhysXCooking
LogPluginManager: Mounting plugin SteamVR
LogPluginManager: Mounting plugin WindowsMoviePlayer
LogInit: Using libcurl 7.47.1
LogInit:  - built for x86_64-pc-win32
LogInit:  - supports SSL with OpenSSL/1.0.2g
LogInit:  - supports HTTP deflate (compression) using libz 1.2.8
LogInit:  - other features:
LogInit:      CURL_VERSION_SSL
LogInit:      CURL_VERSION_LIBZ
LogInit:      CURL_VERSION_IPV6
LogInit:      CURL_VERSION_ASYNCHDNS
LogInit:      CURL_VERSION_LARGEFILE
LogInit:      CURL_VERSION_IDN
LogInit:  CurlRequestOptions (configurable via config and command line):
LogInit:  - bVerifyPeer = false  - Libcurl will NOT verify peer certificate
LogInit:  - bUseHttpProxy = false  - Libcurl will NOT use HTTP proxy
LogInit:  - bDontReuseConnections = false  - Libcurl will reuse connections
LogInit:  - CertBundlePath = nullptr  - Libcurl will use whatever was configured at build time.
LogInit: Build: ++UE4+Release-4.18-CL-3709383
LogInit: Engine Version: 4.18.0-3709383+++UE4+Release-4.18
LogInit: Compatible Engine Version: 4.18.0-3709383+++UE4+Release-4.18
LogInit: Net CL: 3709383
LogDevObjectVersion: Number of dev versions registered: 16
LogDevObjectVersion:   Dev-Blueprints (B0D832E4-1F89-4F0D-ACCF-7EB736FD4AA2): 10
LogDevObjectVersion:   Dev-Build (E1C64328-A22C-4D53-A36C-8E866417BD8C): 0
LogDevObjectVersion:   Dev-Core (375EC13C-06E4-48FB-B500-84F0262A717E): 2
LogDevObjectVersion:   Dev-Editor (E4B068ED-F494-42E9-A231-DA0B2E46BB41): 20
LogDevObjectVersion:   Dev-Framework (CFFC743F-43B0-4480-9391-14DF171D2073): 30
LogDevObjectVersion:   Dev-Mobile (B02B49B5-BB20-44E9-A304-32B752E40360): 0
LogDevObjectVersion:   Dev-Networking (A4E4105C-59A1-49B5-A7C5-40C4547EDFEE): 0
LogDevObjectVersion:   Dev-Online (39C831C9-5AE6-47DC-9A44-9C173E1C8E7C): 0
LogDevObjectVersion:   Dev-Physics (78F01B33-EBEA-4F98-B9B4-84EACCB95AA2): 0
LogDevObjectVersion:   Dev-Platform (6631380F-2D4D-43E0-8009-CF276956A95A): 0
LogDevObjectVersion:   Dev-Rendering (12F88B9F-8875-4AFC-A67C-D90C383ABD29): 20
LogDevObjectVersion:   Dev-Sequencer (7B5AE74C-D270-4C10-A958-57980B212A5A): 4
LogDevObjectVersion:   Dev-VR (D7296918-1DD6-4BDD-9DE2-64A83CC13884): 0
LogDevObjectVersion:   Dev-LoadTimes (C2A15278-BFE7-4AFE-6C17-90FF531DF755): 1
LogDevObjectVersion:   Private-Geometry (6EACA3D4-40EC-4CC1-B786-8BED09428FC5): 1
LogDevObjectVersion:   Dev-AnimPhys (29E575DD-E0A3-4627-9D10-D276232CDCEA): 12
LogInit: Compiled (64-bit): Oct 20 2017 10:39:19
LogInit: Compiled with Visual C++: 19.00.24215.01
LogInit: Build Configuration: Development
LogInit: Branch Name: ++UE4+Release-4.18
LogInit: Command line:  
LogInit: Base directory: C:/Program Files/Epic Games/UE_4.18/Engine/Binaries/Win64/
LogInit: Installed Engine Build: 1
LogInit: Presizing for max 8388607 objects, including 0 objects not considered by GC, pre-allocating 0 bytes for permanent pool.
LogInit: Object subsystem initialized
[2017.11.09-18.39.50:634][  0]LogInit: Selected Device Profile: [Windows]
[2017.11.09-18.39.50:634][  0]LogInit: Applying CVar settings loaded from the selected device profile: [Windows]
[2017.11.09-18.39.50:646][  0]LogInit: Computer: SEA-8E413E
[2017.11.09-18.39.50:646][  0]LogInit: User: s179140
[2017.11.09-18.39.50:646][  0]LogInit: CPU Page size=4096, Cores=4
[2017.11.09-18.39.50:646][  0]LogInit: High frequency timer resolution =3.515712 MHz
[2017.11.09-18.39.50:647][  0]LogMemory: Memory total: Physical=31.9GB (32GB approx)
[2017.11.09-18.39.50:647][  0]LogMemory: Platform Memory Stats for Windows
[2017.11.09-18.39.50:647][  0]LogMemory: Process Physical Memory: 275.52 MB used, 275.52 MB peak
[2017.11.09-18.39.50:647][  0]LogMemory: Process Virtual Memory: 275.80 MB used, 275.80 MB peak
[2017.11.09-18.39.50:647][  0]LogMemory: Physical Memory: 5885.33 MB used,  26801.98 MB free, 32687.32 MB total
[2017.11.09-18.39.50:647][  0]LogMemory: Virtual Memory: 630.50 MB used,  26801.98 MB free, 8388608.00 MB total
[2017.11.09-18.39.50:848][  0]LogInit: Using OS detected language (en-US).
[2017.11.09-18.39.50:848][  0]LogInit: Using OS detected locale (en-US).
[2017.11.09-18.39.50:853][  0]LogTextLocalizationManager: No specific localization for 'en-US' exists, so the 'en' localization will be used.
[2017.11.09-18.39.51:262][  0]LogWindows: Failed to load 'shcore.dll' (GetLastError=126)
[2017.11.09-18.39.51:262][  0]LogWindows: File 'shcore.dll' does not exist
[2017.11.09-18.39.51:262][  0]LogInit: Setting process to DPI aware
[2017.11.09-18.39.51:265][  0]LogWindows: Failed to load 'shcore.dll' (GetLastError=126)
[2017.11.09-18.39.51:265][  0]LogWindows: File 'shcore.dll' does not exist
[2017.11.09-18.39.51:265][  0]LogInit: Setting process to DPI aware
[2017.11.09-18.39.51:629][  0]LogD3D11RHI: D3D11 adapters:
[2017.11.09-18.39.51:655][  0]LogD3D11RHI:    0. 'NVIDIA GeForce GTX 770' (Feature Level 11_0)
[2017.11.09-18.39.51:655][  0]LogD3D11RHI:       1989/0/16087 MB DedicatedVideo/DedicatedSystem/SharedSystem, Outputs:2, VendorId:0x10de
[2017.11.09-18.39.51:655][  0]LogD3D11RHI: Chosen D3D11 Adapter: 0
[2017.11.09-18.39.51:659][  0]LogD3D11RHI: Creating new Direct3DDevice
[2017.11.09-18.39.51:659][  0]LogD3D11RHI:     GPU DeviceId: 0x1184 (for the marketing name, search the web for "GPU Device Id")
[2017.11.09-18.39.51:659][  0]LogWindows: EnumDisplayDevices:
[2017.11.09-18.39.51:659][  0]LogWindows:    0. 'NVIDIA GeForce GTX 770' (P:1 D:1)
[2017.11.09-18.39.51:659][  0]LogWindows:    1. 'NVIDIA GeForce GTX 770' (P:0 D:1)
[2017.11.09-18.39.51:659][  0]LogWindows:    2. 'NVIDIA GeForce GTX 770' (P:0 D:0)
[2017.11.09-18.39.51:660][  0]LogWindows:    3. 'NVIDIA GeForce GTX 770' (P:0 D:0)
[2017.11.09-18.39.51:660][  0]LogWindows:    4. 'RDPDD Chained DD' (P:0 D:0)
[2017.11.09-18.39.51:660][  0]LogWindows:    5. 'RDP Encoder Mirror Driver' (P:0 D:0)
[2017.11.09-18.39.51:660][  0]LogWindows:    6. 'RDP Reflector Display Driver' (P:0 D:0)
[2017.11.09-18.39.51:660][  0]LogWindows: DebugString: GetVideoDriverDetailsInvalid PrimaryIsNotTheChoosenAdapter GetVideoDriverDetailsInvalid PrimaryIsNotTheChoosenAdapter GetVideoDriverDetailsInvalid PrimaryIsNotTheChoosenAdapter FoundDriverCount:4 
[2017.11.09-18.39.51:660][  0]LogD3D11RHI:     Adapter Name: NVIDIA GeForce GTX 770
[2017.11.09-18.39.51:660][  0]LogD3D11RHI:   Driver Version: 384.94 (internal:22.21.13.8494, unified:384.94)
[2017.11.09-18.39.51:660][  0]LogD3D11RHI:      Driver Date: 7-18-2017
[2017.11.09-18.39.51:660][  0]LogRHI: Texture pool is 1392 MB (70% of 1989 MB)
[2017.11.09-18.39.51:672][  0]LogD3D11RHI: Async texture creation enabled
[2017.11.09-18.39.51:688][  0]LogD3D11RHI: GPU Timing Frequency: 1000.000000 (Debug: 2 2)
[2017.11.09-18.39.51:690][  0]LogShaderCompilers: Guid format shader working directory is -12 characters bigger than the processId version (../../../../../../Users/s179140/Documents/Unreal Projects/FF/Intermediate/Shaders/WorkingDirectory/7316/).
[2017.11.09-18.39.51:691][  0]LogShaderCompilers: Cleaned the shader compiler working directory 'C:/Users/s179140/AppData/Local/Temp/UnrealShaderWorkingDir/430556FC49309EAA545A568BA37618D8/'.
[2017.11.09-18.39.51:691][  0]LogShaderCompilers: Display: Using Local Shader Compiler.
[2017.11.09-18.39.52:785][  0]LogTemp: Display: Loaded TP AllDesktopTargetPlatform
[2017.11.09-18.39.52:857][  0]LogTemp: Display: Loaded TP MacClientTargetPlatform
[2017.11.09-18.39.52:928][  0]LogTemp: Display: Loaded TP MacNoEditorTargetPlatform
[2017.11.09-18.39.52:999][  0]LogTemp: Display: Loaded TP MacServerTargetPlatform
[2017.11.09-18.39.53:072][  0]LogTemp: Display: Loaded TP MacTargetPlatform
[2017.11.09-18.39.53:143][  0]LogTemp: Display: Loaded TP WindowsClientTargetPlatform
[2017.11.09-18.39.53:214][  0]LogTemp: Display: Loaded TP WindowsNoEditorTargetPlatform
[2017.11.09-18.39.53:285][  0]LogTemp: Display: Loaded TP WindowsServerTargetPlatform
[2017.11.09-18.39.53:348][  0]LogTemp: Display: Loaded TP WindowsTargetPlatform
[2017.11.09-18.39.53:419][  0]LogTemp: Display: Loaded TP Android_ASTCTargetPlatform
[2017.11.09-18.39.53:489][  0]LogTemp: Display: Loaded TP Android_ATCTargetPlatform
[2017.11.09-18.39.53:560][  0]LogTemp: Display: Loaded TP Android_DXTTargetPlatform
[2017.11.09-18.39.53:631][  0]LogTemp: Display: Loaded TP Android_ETC1TargetPlatform
[2017.11.09-18.39.53:702][  0]LogTemp: Display: Loaded TP Android_ETC2TargetPlatform
[2017.11.09-18.39.53:843][  0]LogTemp: Display: Loaded TP Android_MultiTargetPlatform
[2017.11.09-18.39.53:843][  0]LogTemp: Display: Loaded TP Android_PVRTCTargetPlatform
[2017.11.09-18.39.53:914][  0]LogTemp: Display: Loaded TP AndroidTargetPlatform
[2017.11.09-18.39.53:971][  0]LogTemp: Display: Loaded TP HTML5TargetPlatform
[2017.11.09-18.39.54:085][  0]LogTemp: Display: Loaded TP IOSTargetPlatform
[2017.11.09-18.39.54:121][  0]LogTemp: Display: Loaded TP TVOSTargetPlatform
[2017.11.09-18.39.54:192][  0]LogTemp: Display: Loaded TP LinuxClientTargetPlatform
[2017.11.09-18.39.54:262][  0]LogTemp: Display: Loaded TP LinuxNoEditorTargetPlatform
[2017.11.09-18.39.54:332][  0]LogTemp: Display: Loaded TP LinuxServerTargetPlatform
[2017.11.09-18.39.54:404][  0]LogTemp: Display: Loaded TP LinuxTargetPlatform
[2017.11.09-18.39.54:404][  0]LogTargetPlatformManager: Display: Building Assets For Windows
[2017.11.09-18.39.55:028][  0]LogDerivedDataCache: Display: Max Cache Size: 512 MB
[2017.11.09-18.39.55:114][  0]LogDerivedDataCache: Loaded boot cache 0.09s 78MB C:/Users/s179140/AppData/Local/UnrealEngine/4.18/DerivedDataCache/Boot.ddc.
[2017.11.09-18.39.55:114][  0]LogDerivedDataCache: Display: Loaded Boot cache: C:/Users/s179140/AppData/Local/UnrealEngine/4.18/DerivedDataCache/Boot.ddc
[2017.11.09-18.39.55:114][  0]LogDerivedDataCache: FDerivedDataBackendGraph:  Pak pak cache file ../../../../../../Users/s179140/Documents/Unreal Projects/FF/DerivedDataCache/DDC.ddp not found, will not use a pak cache.
[2017.11.09-18.39.55:114][  0]LogDerivedDataCache: Unable to find inner node Pak for hierarchical cache Hierarchy.
[2017.11.09-18.39.55:114][  0]LogDerivedDataCache: FDerivedDataBackendGraph:  CompressedPak pak cache file ../../../../../../Users/s179140/Documents/Unreal Projects/FF/DerivedDataCache/Compressed.ddp not found, will not use a pak cache.
[2017.11.09-18.39.55:114][  0]LogDerivedDataCache: Unable to find inner node CompressedPak for hierarchical cache Hierarchy.
[2017.11.09-18.39.55:133][  0]LogDerivedDataCache: Display: Pak cache opened for reading ../../../Engine/DerivedDataCache/Compressed.ddp.
[2017.11.09-18.39.55:146][  0]LogDerivedDataCache: Using Local data cache path C:/Users/s179140/AppData/Local/UnrealEngine/Common/DerivedDataCache: Writable
[2017.11.09-18.39.55:157][  0]LogMaterial: Verifying Global Shaders for PCD3D_SM5
[2017.11.09-18.39.55:158][  0]LogSlate: Using Freetype 2.6.0
[2017.11.09-18.39.55:159][  0]LogSlate: SlateFontCache - WITH_FREETYPE: 1, WITH_HARFBUZZ: 1
[2017.11.09-18.39.55:159][  0]LogSlate: SlateFontCache - WITH_FREETYPE: 1, WITH_HARFBUZZ: 1
[2017.11.09-18.39.55:632][  0]LogInit: Selected Device Profile: [Windows]
[2017.11.09-18.39.56:069][  0]LogSimplygon: Simplygon DLL not present - disabling.
[2017.11.09-18.39.56:127][  0]LogMeshReduction: Using SimplygonSwarm for distributed automatic mesh merging
[2017.11.09-18.39.56:127][  0]LogMeshReduction: Using QuadricMeshReduction for automatic static mesh reduction
[2017.11.09-18.39.56:127][  0]LogMeshReduction: No automatic skeletal mesh reduction module available
[2017.11.09-18.39.56:127][  0]LogMeshReduction: No automatic mesh merging module available
[2017.11.09-18.39.56:127][  0]LogMeshMerging: No automatic mesh merging module available
[2017.11.09-18.39.56:161][  0]LogNetVersion: FF , NetCL: 3709383, EngineNetVer: 2, GameNetVer: 0 (Checksum: 3366995239)
[2017.11.09-18.39.56:351][  0]LogAssetRegistry: FAssetRegistry took 0.0247 seconds to start up
[2017.11.09-18.39.56:957][  0]LogPackageLocalizationCache: Processed 7 localized package path(s) for 2 prioritized culture(s) in 0.091868 seconds
[2017.11.09-18.39.56:963][  0]LogUObjectArray: 35901 objects as part of root set at end of initial load.
[2017.11.09-18.39.56:963][  0]LogUObjectAllocator: 7372248 out of 0 bytes used by permanent object pool.
[2017.11.09-18.39.56:963][  0]LogUObjectArray: CloseDisregardForGC: 0/0 objects in disregard for GC pool
[2017.11.09-18.39.57:040][  0]LogInit: WinSock: version 1.1 (2.2), MaxSocks=32767, MaxUdp=65467
[2017.11.09-18.40.00:803][  0]LogTcpMessaging: Initializing TcpMessaging bridge
[2017.11.09-18.40.00:863][  0]LogUdpMessaging: Initializing bridge on interface 0.0.0.0:0 to multicast group 230.0.0.1:6666.
[2017.11.09-18.40.01:875][  0]LogMaterial: Uniform references updated for custom material expression Custom.
[2017.11.09-18.40.02:519][  0]SourceControl: Source control is disabled
[2017.11.09-18.40.02:519][  0]SourceControl: Source control is disabled
[2017.11.09-18.40.02:606][  0]SourceControl: Source control is disabled
[2017.11.09-18.40.02:693][  0]SourceControl: Source control is disabled
[2017.11.09-18.40.03:971][  0]LogAndroidPermission: UAndroidPermissionCallbackProxy::GetInstance
[2017.11.09-18.40.04:400][  0]LogOcInput: OculusInput pre-init called
[2017.11.09-18.40.04:836][  0]LogEngine: Initializing Engine...
[2017.11.09-18.40.04:839][  0]LogHMD: Failed to initialize OpenVR with code 110
[2017.11.09-18.40.05:105][  0]LogStats: UGameplayTagsManager::ConstructGameplayTagTree: Construct from data asset -  0.000 s
[2017.11.09-18.40.05:106][  0]LogStats: UGameplayTagsManager::ConstructGameplayTagTree: GameplayTagTreeChangedEvent.Broadcast -  0.000 s
[2017.11.09-18.40.05:291][  0]LogAIModule: Creating AISystem for world Untitled
[2017.11.09-18.40.05:306][  0]LogInit: XAudio2 using 'Headphones (High Definition Audio Device)' : 2 channels at 48 kHz using 32 bits per sample (channel mask 0x3)
[2017.11.09-18.40.05:345][  0]LogInit: FAudioDevice initialized.
[2017.11.09-18.40.05:420][  0]LogDerivedDataCache: Saved boot cache 0.07s 78MB C:/Users/s179140/AppData/Local/UnrealEngine/4.18/DerivedDataCache/Boot.ddc.
[2017.11.09-18.40.05:434][  0]LogInit: Texture streaming: Enabled
[2017.11.09-18.40.05:573][  0]LogEngineSessionManager: EngineSessionManager initialized
[2017.11.09-18.40.05:573][  0]LogEngineSessionManager: EngineSessionManager sent abnormal shutdown report. Type=AbnormalShutdown, SessionId={96DF563B-47E8-E8B4-988C-259607517857}
[2017.11.09-18.40.05:573][  0]LogEngineSessionManager: EngineSessionManager sent abnormal shutdown report. Type=AbnormalShutdown, SessionId={CCA89E7A-4B0D-F87F-5CDE-E3A9938AC03E}
[2017.11.09-18.40.05:760][  0]LogInit: Transaction tracking system initialized
[2017.11.09-18.40.06:215][  0]BlueprintLog: New page: Editor Load
[2017.11.09-18.40.07:496][  0]LocalizationService: Localization service is disabled
[2017.11.09-18.40.08:675][  0]LogConsoleResponse: Display: 
[2017.11.09-18.40.08:889][  0]LogCook: Display: Max memory allowance for cook 16384mb min free memory 0mb
[2017.11.09-18.40.08:889][  0]LogCook: Display: Mobile HDR setting 1
[2017.11.09-18.40.08:889][  0]LogGameplayTags: Display: UGameplayTagsManager::DoneAddingNativeTags. DelegateIsBound: 0
[2017.11.09-18.40.09:374][  0]LogFileCache: Scanning file cache for directory 'C:/Users/s179140/Documents/Unreal Projects/FF/Content/' took 0.02s
[2017.11.09-18.40.10:645][  0]SourceControl: Source control is disabled
[2017.11.09-18.40.10:645][  0]Cmd: MAP LOAD FILE="../../../../../../Users/s179140/Documents/Unreal Projects/FF/Content/SideScrollerBP/Maps/SideScrollerExampleMap.umap" TEMPLATE=0 SHOWPROGRESS=1 FEATURELEVEL=3
[2017.11.09-18.40.10:645][  0]LightingResults: New page: Lighting Build
[2017.11.09-18.40.10:704][  0]MapCheck: New page: Map Check
[2017.11.09-18.40.10:704][  0]LightingResults: New page: Lighting Build
[2017.11.09-18.40.11:502][  0]LogAIModule: Creating AISystem for world SideScrollerExampleMap
[2017.11.09-18.40.11:531][  0]LogEditorServer: Finished looking for orphan Actors (0.000 secs)
[2017.11.09-18.40.11:545][  0]Cmd: MAP CHECKDEP NOCLEARLOG
[2017.11.09-18.40.11:662][  0]MapCheck: Map check complete: 0 Error(s), 0 Warning(s), took 117.457ms to complete.
[2017.11.09-18.40.11:662][  0]LogFileHelpers: Loading map 'SideScrollerExampleMap' took 1.018
[2017.11.09-18.40.11:880][  0]LogCollectionManager: Loaded 0 collections in 0.001560 seconds
[2017.11.09-18.40.11:978][  0]LogFileCache: Scanning file cache for directory 'C:/Users/s179140/Documents/Unreal Projects/FF/Saved/Collections/' took 0.01s
[2017.11.09-18.40.11:978][  0]LogFileCache: Scanning file cache for directory 'C:/Users/s179140/Documents/Unreal Projects/FF/Content/Developers/s179140/Collections/' took 0.01s
[2017.11.09-18.40.11:978][  0]LogFileCache: Scanning file cache for directory 'C:/Users/s179140/Documents/Unreal Projects/FF/Content/Collections/' took 0.01s
[2017.11.09-18.40.11:978][  0]LogCollectionManager: Rebuilt the GUID cache for 0 collections in 0.000001 seconds
[2017.11.09-18.40.11:988][  0]LogContentBrowser: Native class hierarchy populated in 0.0092 seconds. Added 2364 classes and 521 folders.
[2017.11.09-18.40.12:079][  0]LogContentBrowser: Native class hierarchy updated for 'WidgetCarousel' in 0.0003 seconds. Added 0 classes and 0 folders.
[2017.11.09-18.40.12:129][  0]LogContentBrowser: Native class hierarchy updated for 'AddContentDialog' in 0.0003 seconds. Added 0 classes and 0 folders.
[2017.11.09-18.40.13:158][  0]LogSlate: Only BGRA pngs, bmps or icos are supported in by External Image Picker
[2017.11.09-18.40.13:178][  0]LogSlate: Took 0.000742 seconds to synchronously load lazily loaded font '../../../Engine/Content/Slate/Fonts/Roboto-Regular.ttf' (155K)
[2017.11.09-18.40.13:183][  0]LogSlate: Took 0.000672 seconds to synchronously load lazily loaded font '../../../Engine/Content/Slate/Fonts/Roboto-Bold.ttf' (160K)
[2017.11.09-18.40.13:187][  0]LogSlate: Took 0.000589 seconds to synchronously load lazily loaded font '../../../Engine/Content/Editor/Slate/Fonts/FontAwesome.ttf' (139K)
[2017.11.09-18.40.13:326][  0]LogTemp: Executing iPhonePackager certificates Engine -bundlename com.YourCompany.FF
[2017.11.09-18.40.13:326][  0]LogTemp: CWD: C:\Program Files\Epic Games\UE_4.18\Engine\Binaries\DotNET\IOS
[2017.11.09-18.40.13:327][  0]LogTemp: Initial Dir: C:\Program Files\Epic Games\UE_4.18
[2017.11.09-18.40.13:327][  0]LogTemp: Env CWD: C:\Program Files\Epic Games\UE_4.18\Engine\Binaries\DotNET\IOS
[2017.11.09-18.40.13:327][  0]LogTemp: BranchPath = SEA-8E413E/C/Program Files/Epic Games/UE_4.18/Engine/Binaries --- GameBranchPath = SEA-8E413E/C/Program Files/Epic Games/UE_4.18/Engine/Binaries
[2017.11.09-18.40.13:327][  0]LogTemp: IPP ERROR: Could not find provision directory 'C:\Users\s179140\AppData\Local/Apple Computer/MobileDevice/Provisioning Profiles/'.
[2017.11.09-18.40.13:327][  0]LogRenderer: Reallocating scene render targets to support 1164x600 Format 10 NumSamples 1 (Frame:1).
[2017.11.09-18.40.13:549][  0]LogContentBrowser: Native class hierarchy updated for 'HierarchicalLODOutliner' in 0.0003 seconds. Added 1 classes and 2 folders.
[2017.11.09-18.40.13:550][  0]LogLoad: (Engine Initialization) Total time: 25.50 seconds
[2017.11.09-18.40.13:550][  0]LogLoad: (Engine Initialization) Total Blueprint compile time: 0.00 seconds
[2017.11.09-18.40.13:550][  0]LogExternalProfiler: No external profilers were discovered.  External profiling features will not be available.
[2017.11.09-18.40.13:584][  0]LogContentStreaming: Texture pool size now 1000 MB
[2017.11.09-18.40.13:649][  0]LogSlate: Took 0.000617 seconds to synchronously load lazily loaded font '../../../Engine/Content/Slate/Fonts/Roboto-Light.ttf' (159K)
[2017.11.09-18.40.13:675][  1]LogAssetRegistry: Asset discovery search completed in 17.3450 seconds
[2017.11.09-18.40.13:677][  1]LogCollectionManager: Rebuilt the object cache for 0 collections in 0.000000 seconds (found 0 objects)
[2017.11.09-18.40.13:677][  1]LogCollectionManager: Fixed up redirectors for 0 collections in 0.000037 seconds (updated 0 objects)
[2017.11.09-18.40.14:593][ 90]LogSlate: Took 0.000462 seconds to synchronously load lazily loaded font '../../../Engine/Content/Slate/Fonts/Roboto-Light.ttf' (159K)
[2017.11.09-18.40.49:104][588]LogSlate: Took 0.000197 seconds to synchronously load lazily loaded font '../../../Engine/Content/Slate/Fonts/Roboto-Light.ttf' (159K)
[2017.11.09-18.40.49:488][588]LogContentBrowser: Native class hierarchy updated for 'BlueprintGraph' in 0.0007 seconds. Added 116 classes and 0 folders.
[2017.11.09-18.40.50:651][588]LogBlueprintUserMessages: [FFPlayer_bp_C_1] null
[2017.11.09-18.40.50:651][588]LogBlueprintUserMessages: [FFPlayer_bp_C_1] null
[2017.11.09-18.40.50:658][588]LogSlate: Took 0.000271 seconds to synchronously load lazily loaded font '../../../Engine/Content/Editor/Slate/Fonts/Roboto-BoldCondensed.ttf' (158K)
[2017.11.09-18.40.50:884][589]LogSlate: Took 0.000283 seconds to synchronously load lazily loaded font '../../../Engine/Content/Editor/Slate/Fonts/Roboto-Italic.ttf' (157K)
[2017.11.09-18.41.17:850][883]LogTexture: Display: Building textures: T_Cliff01_D_CC_R (AutoDXT, 8192X8192)
[2017.11.09-18.42.02:351][883]LogStaticMesh: Building static mesh SM_Cliff01...
[2017.11.09-18.42.02:810][883]LogStaticMesh: Built static mesh [0.46s] /Game/KiteDemo/Environments/Cliffs/Cliff01/SM_Cliff01.SM_Cliff01
[2017.11.09-18.42.03:065][883]LogTexture: Display: Building textures: BogMyrtle_01_Atlas_Billboards_Tex (AutoDXT, 2048X2048)
[2017.11.09-18.42.06:915][883]LogTexture: Display: Building textures: BogMyrtleBush_01_Atlas_Billboards_Normal_Tex (BC5, 2048X2048)
[2017.11.09-18.42.06:915][883]LogTexture: Display: Building textures: T_BogMyrtleBtm_01_D (AutoDXT, 4096X4096)
[2017.11.09-18.42.06:915][883]LogTexture: Display: Building textures: BogMyrtle_01_Atlas_Normal_Tex (BC5, 4096X4096)
[2017.11.09-18.42.06:915][883]LogTexture: Display: Building textures: BogMyrtleBush_01_Atlas_Billboards_Tex (AutoDXT, 2048X2048)
[2017.11.09-18.42.06:915][883]LogTexture: Display: Building textures: BogMyrtle_01_Atlas_Tex (AutoDXT, 4096X4096)
[2017.11.09-18.42.06:915][883]LogTexture: Display: Building textures: T_BogMyrtleBtm_01_N (BC5, 4096X4096)
[2017.11.09-18.42.06:915][883]LogTexture: Display: Building textures: BogMyrtle_01_Atlas_Billboards_Normal_Tex (BC5, 2048X2048)
[2017.11.09-18.42.06:915][883]LogMaterial: Missing cached shader map for material BogMyrtle_01_Billboard_Mat, compiling. 
[2017.11.09-18.42.10:967][883]LogStaticMesh: Building static mesh BogMyrtleBush_01...
[2017.11.09-18.42.10:982][883]LogSlate: Took 0.000387 seconds to synchronously load lazily loaded font '../../../Engine/Content/Slate/Fonts/Roboto-Regular.ttf' (155K)
[2017.11.09-18.42.11:479][883]LogStaticMesh: Built static mesh [0.51s] /Game/KiteDemo/Environments/Foliage/BogMyrtleBush_01/BogMyrtleBush_01.BogMyrtleBush_01
[2017.11.09-18.42.11:488][883]LogMaterial: Missing cached shader map for material BogMyrtle_01_Fronds_Mat, compiling. 
[2017.11.09-18.42.13:948][883]LogTexture: Display: Building textures: BogMyrtleBush_02_Atlas_Billboards_Tex (AutoDXT, 2048X2048)
[2017.11.09-18.42.13:948][883]LogTexture: Display: Building textures: BogMyrtleBush_02_Atlas_Billboards_Normal_Tex (BC5, 2048X2048)
[2017.11.09-18.42.13:948][883]LogStaticMesh: Building static mesh BogMyrtleBush_02...
[2017.11.09-18.42.14:947][883]LogStaticMesh: Built static mesh [1.00s] /Game/KiteDemo/Environments/Foliage/BogMyrtleBush_02/BogMyrtleBush_02.BogMyrtleBush_02
[2017.11.09-18.42.14:983][883]LogStaticMesh: Building static mesh BogMyrtle_01...
[2017.11.09-18.42.15:364][883]LogStaticMesh: Built static mesh [0.38s] /Game/KiteDemo/Environments/Foliage/BogMyrtle_01/BogMyrtle_01.BogMyrtle_01
[2017.11.09-18.42.17:629][883]LogTexture: Display: Building textures: T_Ice_Noise_N (BC5, 1024X1024)
[2017.11.09-18.42.17:629][883]LogTexture: Display: Building textures: T_TilingNoise06_N (BC5, 2048X2048)
[2017.11.09-18.42.17:629][883]LogTexture: Display: Building textures: T_Fern_01_D (AutoDXT, 2048X2048)
[2017.11.09-18.42.17:629][883]LogTexture: Display: Building textures: T_Fern_01_N (BC5, 2048X2048)
[2017.11.09-18.42.17:629][883]LogTexture: Display: Building textures: T_Water_Screen_Noise_Soft2 (AutoDXT, 1024X1024)
[2017.11.09-18.42.17:629][883]LogMaterial: Missing cached shader map for material M_Fern_01, compiling. 
[2017.11.09-18.42.18:169][883]LogTexture: Display: Building textures: T_Water_Screen_Noise_Soft (AutoDXT, 1024X1024)
[2017.11.09-18.42.18:169][883]LogMaterial: Missing cached shader map for material M_Fern_01, compiling. 
[2017.11.09-18.42.18:357][883]LogStaticMesh: Building static mesh SM_Fern_01...
[2017.11.09-18.42.18:531][883]LogStaticMesh: Built static mesh [0.17s] /Game/KiteDemo/Environments/Foliage/Ferns/SM_Fern_01.SM_Fern_01
[2017.11.09-18.42.18:549][883]LogStaticMesh: Building static mesh SM_Fern_02...
[2017.11.09-18.42.18:737][883]LogStaticMesh: Built static mesh [0.19s] /Game/KiteDemo/Environments/Foliage/Ferns/SM_Fern_02.SM_Fern_02
[2017.11.09-18.42.18:753][883]LogStaticMesh: Building static mesh SM_Fern_03...
[2017.11.09-18.42.18:934][883]LogStaticMesh: Built static mesh [0.18s] /Game/KiteDemo/Environments/Foliage/Ferns/SM_Fern_03.SM_Fern_03
[2017.11.09-18.42.18:980][883]LogMaterial: Uniform references updated for custom material expression Custom.
[2017.11.09-18.42.20:489][883]LogTexture: Display: Building textures: T_SwirlNoise (G8, 512X512)
[2017.11.09-18.42.20:489][883]LogTexture: Display: Building textures: T_Buttercup_Patch_01_D (AutoDXT, 2048X2048)
[2017.11.09-18.42.20:489][883]LogTexture: Display: Building textures: T_Buttercup_Patch_01_M (AutoDXT, 2048X2048)
[2017.11.09-18.42.20:489][883]LogMaterial: Missing cached shader map for material M_Buttercup_Patch_01, compiling. 
[2017.11.09-18.42.20:675][883]LogMaterial: Missing cached shader map for material M_Buttercup_Patch_01, compiling. 
[2017.11.09-18.42.20:847][883]LogStaticMesh: Building static mesh SM_Buttercup_Patch_01...
[2017.11.09-18.42.20:996][883]LogStaticMesh: Built static mesh [0.15s] /Game/KiteDemo/Environments/Foliage/Flowers/Buttercup/SM_Buttercup_Patch_01.SM_Buttercup_Patch_01
[2017.11.09-18.42.24:038][883]LogTexture: Display: Building textures: T_FieldScabious01_M (AutoDXT, 2048X2048)
[2017.11.09-18.42.24:038][883]LogTexture: Display: Building textures: T_FieldScabious01_N (BC5, 2048X2048)
[2017.11.09-18.42.24:038][883]LogTexture: Display: Building textures: T_FieldScabious01_D (AutoDXT, 2048X2048)
[2017.11.09-18.42.24:038][883]LogMaterial: Missing cached shader map for material M_FieldScabious_01, compiling. 
[2017.11.09-18.42.24:236][883]LogMaterial: Missing cached shader map for material M_FieldScabious_01, compiling. 
[2017.11.09-18.42.24:422][883]LogStaticMesh: Building static mesh SM_FieldScabious_01...
[2017.11.09-18.42.24:706][883]LogStaticMesh: Built static mesh [0.28s] /Game/KiteDemo/Environments/Foliage/Flowers/FieldScabious/SM_FieldScabious_01.SM_FieldScabious_01
[2017.11.09-18.42.27:573][883]LogTexture: Display: Building textures: T_HeatherBranch4_Mask2 (AutoDXT, 1024X1024)
[2017.11.09-18.42.27:573][883]LogTexture: Display: Building textures: T_HeatherBranch4_N (BC5, 2048X2048)
[2017.11.09-18.42.27:573][883]LogTexture: Display: Building textures: T_Ice_Noise (AutoDXT, 1024X1024)
[2017.11.09-18.42.27:573][883]LogTexture: Display: Building textures: T_HeatherBranch4_D (AutoDXT, 2048X2048)
[2017.11.09-18.42.27:573][883]LogMaterial: Missing cached shader map for material M_HeatherNew_Master, compiling. 
[2017.11.09-18.42.31:319][883]LogTexture: Display: Building textures: T_Grass_Blobby_Height_01 (AutoDXT, 2048X2048)
[2017.11.09-18.42.31:319][883]LogMaterial: Missing cached shader map for material M_HeatherNew_MasterWorldColorVarience, compiling. 
[2017.11.09-18.42.31:789][883]LogTexture: Display: Building textures: T_GDC_TilingRocks_01_DispMask (AutoDXT, 1024X1024)
[2017.11.09-18.42.31:789][883]LogMaterial: Missing cached shader map for material M_HeatherNew_Master, compiling. 
[2017.11.09-18.42.31:975][883]LogMaterial: Missing cached shader map for material M_HeatherNew_MasterWorldColorVarience, compiling. 
[2017.11.09-18.42.32:159][883]LogMaterial: Missing cached shader map for material M_HeatherNew_MasterWorldColorVarience, compiling. 
[2017.11.09-18.42.32:351][883]LogStaticMesh: Building static mesh SM_Heather_Mesh_Clumps2...
[2017.11.09-18.42.32:406][883]LogStaticMesh: Built static mesh [0.05s] /Game/KiteDemo/Environments/Foliage/Flowers/Heather/SM_Heather_Mesh_Clumps2.SM_Heather_Mesh_Clumps2
[2017.11.09-18.42.32:416][883]LogStaticMesh: Building static mesh SM_Heather_Mesh_Clumps2_WorldPopulate...
[2017.11.09-18.42.32:531][883]LogStaticMesh: Built static mesh [0.12s] /Game/KiteDemo/Environments/Foliage/Flowers/Heather/SM_Heather_Mesh_Clumps2_WorldPopulate.SM_Heather_Mesh_Clumps2_WorldPopulate
[2017.11.09-18.42.35:982][883]LogTexture: Display: Building textures: T_Yarrow_N (BC5, 2048X2048)
[2017.11.09-18.42.35:982][883]LogTexture: Display: Building textures: T_Yarrow_D (AutoDXT, 2048X2048)
[2017.11.09-18.42.35:982][883]LogMaterial: Missing cached shader map for material M_HeatherNew_Master, compiling. 
[2017.11.09-18.42.36:797][883]LogTexture: Display: Building textures: T_Yarrow_M (AutoDXT, 2048X2048)
[2017.11.09-18.42.36:797][883]LogStaticMesh: Building static mesh SM_Yarrow...
[2017.11.09-18.42.37:081][883]LogStaticMesh: Built static mesh [0.28s] /Game/KiteDemo/Environments/Foliage/Flowers/Yarrow/SM_Yarrow.SM_Yarrow
[2017.11.09-18.42.37:098][883]LogStaticMesh: Building static mesh SM_Yarrow3...
[2017.11.09-18.42.37:407][883]LogStaticMesh: Built static mesh [0.31s] /Game/KiteDemo/Environments/Foliage/Flowers/Yarrow/SM_Yarrow3.SM_Yarrow3
[2017.11.09-18.42.38:827][883]LogTexture: Display: Building textures: T_FieldGrass_01_D (AutoDXT, 1024X1024)
[2017.11.09-18.42.38:827][883]LogTexture: Display: Building textures: T_FieldGrass_02_M (AutoDXT, 1024X1024)
[2017.11.09-18.42.38:827][883]LogMaterial: Missing cached shader map for material M_FieldGrass_01, compiling. 
[2017.11.09-18.42.39:026][883]LogMaterial: Missing cached shader map for material M_FieldGrass_01, compiling. 
[2017.11.09-18.42.39:208][883]LogMaterial: Missing cached shader map for material M_FieldGrass_01, compiling. 
[2017.11.09-18.42.39:386][883]LogStaticMesh: Building static mesh SM_FieldGrass_01...
[2017.11.09-18.42.39:464][883]LogStaticMesh: Built static mesh [0.08s] /Game/KiteDemo/Environments/Foliage/Grass/FieldGrass/SM_FieldGrass_01.SM_FieldGrass_01
[2017.11.09-18.43.01:153][883]LogTexture: Display: Building textures: T_DeadLeavesAtlas_01_D (AutoDXT, 4096X4096)
[2017.11.09-18.43.01:153][883]LogTexture: Display: Building textures: T_DeadLeavesAtlasTop_01_D (AutoDXT, 4096X4096)
[2017.11.09-18.43.01:153][883]LogTexture: Display: Building textures: T_DeadLeavesAtlas_01_N (BC5, 4096X4096)
[2017.11.09-18.43.01:153][883]LogMaterial: Missing cached shader map for material M_DeadLeaves, compiling. 
[2017.11.09-18.43.01:358][883]LogStaticMesh: Building static mesh SM_DeadLeaves...
[2017.11.09-18.43.01:740][883]LogStaticMesh: Built static mesh [0.38s] /Game/KiteDemo/Environments/Foliage/Leaves/SM_DeadLeaves.SM_DeadLeaves
[2017.11.09-18.43.01:768][883]LogStaticMesh: Building static mesh SM_DeadLeaves_Flat...
[2017.11.09-18.43.02:153][883]LogStaticMesh: Built static mesh [0.39s] /Game/KiteDemo/Environments/Foliage/Leaves/SM_DeadLeaves_Flat.SM_DeadLeaves_Flat
[2017.11.09-18.43.24:487][883]LogTexture: Display: Building textures: T_AlpinePatch001_N (BC5, 8192X8192)
[2017.11.09-18.43.24:487][883]LogTexture: Display: Building textures: T_AlpinePatch001_D_R (AutoDXT, 8192X8192)
[2017.11.09-18.44.45:991][883]LogTexture: Display: Building textures: T_AlpinePatch001_D_alt_R (AutoDXT, 8192X8192)
[2017.11.09-18.45.54:686][883]LogTexture: Display: Building textures: T_Forest_Path_001A_N (BC5, 4096X4096)
[2017.11.09-18.45.54:686][883]LogTexture: Display: Building textures: T_Forest_Path_001A_D_R (AutoDXT, 4096X4096)
[2017.11.09-18.46.16:029][883]LogTexture: Display: Building textures: T_Forest_Path_001B_N (BC5, 8192X8192)
[2017.11.09-18.46.16:029][883]LogTexture: Display: Building textures: T_Forest_Path_001B_D_R (AutoDXT, 8192X8192)
[2017.11.09-18.47.33:067][883]LogTexture: Display: Building textures: T_MacroVariation (AutoDXT, 2048X2048)
[2017.11.09-18.47.33:067][883]LogTexture: Display: Building textures: T_Ground_Grass_N (BC5, 2048X2048)
[2017.11.09-18.47.33:068][883]LogTexture: Display: Building textures: T_GDC_Tiling_LeafpathStones_N (BC5, 4096X4096)
[2017.11.09-18.47.33:068][883]LogTexture: Display: Building textures: T_Tile_PebblyRiverbank_H (AutoDXT, 8192X8192)
[2017.11.09-18.47.33:068][883]LogTexture: Display: Building textures: T_Tile_PebblyRiverbank_N (BC5, 8192X8192)
[2017.11.09-18.47.33:068][883]LogTexture: Display: Building textures: T_GDC_Tiling_LeafPathStones_H (AutoDXT, 4096X4096)
[2017.11.09-18.47.33:068][883]LogTexture: Display: Building textures: T_Tile_PebblyRiverbank_D_R (AutoDXT, 8192X8192)
[2017.11.09-18.48.25:312][883]LogTexture: Display: Building textures: T_GDC_Tiling_LeafPathStones_D_R (AutoDXT, 4096X4096)
