Log file open, 11/09/17 10:25:46
LogWindows: Failed to load 'aqProf.dll' (GetLastError=126)
LogWindows: File 'aqProf.dll' does not exist
LogWindows: Failed to load 'VtuneApi.dll' (GetLastError=126)
LogWindows: File 'VtuneApi.dll' does not exist
LogWindows: Failed to load 'VtuneApi32e.dll' (GetLastError=126)
LogWindows: File 'VtuneApi32e.dll' does not exist
LogInit: Display: Running engine for game: FF
LogPlatformFile: Not using cached read wrapper
LogInit: Display: RandInit(-1014871209) SRandInit(-1014871209).
LogInit: Read version file with build ID '3709383'
LogInit: Overriding engine version to CL 3709383, compatible CL 3709383
LogInit: Registered custom module enumerator with build ID '3709383'
LogTaskGraph: Started task graph with 5 named threads and 14 total threads with 3 sets of task threads.
LogStats: Stats thread started at 0.170462
LogD3D11RHI: Aftermath initialized
LogModuleManager: Display: Found up-to-date module file ../../../Engine/Plugins/2D/Paper2D/Binaries/Win64/UE4Editor-Paper2D.dll (API version 3709383).
LogModuleManager: Display: Found up-to-date module file ../../../Engine/Plugins/2D/Paper2D/Binaries/Win64/UE4Editor-Paper2DEditor.dll (API version 3709383).
LogModuleManager: Display: Found up-to-date module file ../../../Engine/Plugins/2D/Paper2D/Binaries/Win64/UE4Editor-PaperSpriteSheetImporter.dll (API version 3709383).
LogModuleManager: Display: Found up-to-date module file ../../../Engine/Plugins/2D/Paper2D/Binaries/Win64/UE4Editor-PaperTiledImporter.dll (API version 3709383).
LogModuleManager: Display: Found up-to-date module file ../../../Engine/Plugins/2D/Paper2D/Binaries/Win64/UE4Editor-SmartSnapping.dll (API version 3709383).
LogModuleManager: Display: Found up-to-date module file ../../../Engine/Plugins/Blendables/LightPropagationVolume/Binaries/Win64/UE4Editor-LightPropagationVolumeRuntime.dll (API version 3709383).
LogModuleManager: Display: Found up-to-date module file ../../../Engine/Plugins/Blendables/LightPropagationVolume/Binaries/Win64/UE4Editor-LightPropagationVolumeEditor.dll (API version 3709383).
LogModuleManager: Display: Found up-to-date module file ../../../Engine/Plugins/Developer/GitSourceControl/Binaries/Win64/UE4Editor-GitSourceControl.dll (API version 3709383).
LogModuleManager: Display: Found up-to-date module file ../../../Engine/Plugins/Developer/PerforceSourceControl/Binaries/Win64/UE4Editor-PerforceSourceControl.dll (API version 3709383).
LogModuleManager: Display: Found up-to-date module file ../../../Engine/Plugins/Developer/SubversionSourceControl/Binaries/Win64/UE4Editor-SubversionSourceControl.dll (API version 3709383).
LogModuleManager: Display: Found up-to-date module file ../../../Engine/Plugins/Developer/UObjectPlugin/Binaries/Win64/UE4Editor-UObjectPlugin.dll (API version 3709383).
LogModuleManager: Display: Found up-to-date module file ../../../Engine/Plugins/Developer/VisualStudioCodeSourceCodeAccess/Binaries/Win64/UE4Editor-VisualStudioCodeSourceCodeAccess.dll (API version 3709383).
LogModuleManager: Display: Found up-to-date module file ../../../Engine/Plugins/Developer/VisualStudioSourceCodeAccess/Binaries/Win64/UE4Editor-VisualStudioSourceCodeAccess.dll (API version 3709383).
LogModuleManager: Display: Found up-to-date module file ../../../Engine/Plugins/Editor/AssetManagerEditor/Binaries/Win64/UE4Editor-AssetManagerEditor.dll (API version 3709383).
LogModuleManager: Display: Found up-to-date module file ../../../Engine/Plugins/Editor/AudioCapture/Binaries/Win64/UE4Editor-AudioCapture.dll (API version 3709383).
LogModuleManager: Display: Found up-to-date module file ../../../Engine/Plugins/Editor/FacialAnimation/Binaries/Win64/UE4Editor-FacialAnimation.dll (API version 3709383).
LogModuleManager: Display: Found up-to-date module file ../../../Engine/Plugins/Editor/FacialAnimation/Binaries/Win64/UE4Editor-FacialAnimationEditor.dll (API version 3709383).
LogModuleManager: Display: Found up-to-date module file ../../../Engine/Plugins/Editor/GameplayTagsEditor/Binaries/Win64/UE4Editor-GameplayTagsEditor.dll (API version 3709383).
LogModuleManager: Display: Found up-to-date module file ../../../Engine/Plugins/Editor/MobileLauncherProfileWizard/Binaries/Win64/UE4Editor-MobileLauncherProfileWizard.dll (API version 3709383).
LogModuleManager: Display: Found up-to-date module file ../../../Engine/Plugins/Editor/PluginBrowser/Binaries/Win64/UE4Editor-PluginBrowser.dll (API version 3709383).
LogModuleManager: Display: Found up-to-date module file ../../../Engine/Plugins/Editor/SpeedTreeImporter/Binaries/Win64/UE4Editor-SpeedTreeImporter.dll (API version 3709383).
LogModuleManager: Display: Found up-to-date module file ../../../Engine/Plugins/Experimental/AlembicImporter/Binaries/Win64/UE4Editor-AlembicImporter.dll (API version 3709383).
LogModuleManager: Display: Found up-to-date module file ../../../Engine/Plugins/Experimental/AlembicImporter/Binaries/Win64/UE4Editor-AlembicLibrary.dll (API version 3709383).
LogModuleManager: Display: Found up-to-date module file ../../../Engine/Plugins/Experimental/CharacterAI/Binaries/Win64/UE4Editor-CharacterAI.dll (API version 3709383).
LogModuleManager: Display: Found up-to-date module file ../../../Engine/Plugins/Experimental/HTML5Networking/Binaries/Win64/UE4Editor-HTML5Networking.dll (API version 3709383).
LogModuleManager: Display: Found up-to-date module file ../../../Engine/Plugins/Media/AndroidMedia/Binaries/Win64/UE4Editor-AndroidMediaEditor.dll (API version 3709383).
LogModuleManager: Display: Found up-to-date module file ../../../Engine/Plugins/Media/AndroidMedia/Binaries/Win64/UE4Editor-AndroidMediaFactory.dll (API version 3709383).
LogModuleManager: Display: Found up-to-date module file ../../../Engine/Plugins/Media/AvfMedia/Binaries/Win64/UE4Editor-AvfMediaEditor.dll (API version 3709383).
LogModuleManager: Display: Found up-to-date module file ../../../Engine/Plugins/Media/AvfMedia/Binaries/Win64/UE4Editor-AvfMediaFactory.dll (API version 3709383).
LogModuleManager: Display: Found up-to-date module file ../../../Engine/Plugins/Media/AvfMedia/Binaries/Win64/UE4Editor-AvfMediaFactory.dll (API version 3709383).
LogModuleManager: Display: Found up-to-date module file ../../../Engine/Plugins/Media/ImgMedia/Binaries/Win64/UE4Editor-ImgMedia.dll (API version 3709383).
LogModuleManager: Display: Found up-to-date module file ../../../Engine/Plugins/Media/ImgMedia/Binaries/Win64/UE4Editor-ImgMediaEditor.dll (API version 3709383).
LogModuleManager: Display: Found up-to-date module file ../../../Engine/Plugins/Media/ImgMedia/Binaries/Win64/UE4Editor-ImgMediaFactory.dll (API version 3709383).
LogModuleManager: Display: Found up-to-date module file ../../../Engine/Plugins/Media/ImgMedia/Binaries/Win64/UE4Editor-ImgMediaFactory.dll (API version 3709383).
LogModuleManager: Display: Found up-to-date module file ../../../Engine/Plugins/Media/ImgMedia/Binaries/Win64/UE4Editor-OpenExrWrapper.dll (API version 3709383).
LogModuleManager: Display: Found up-to-date module file ../../../Engine/Plugins/Media/MediaCompositing/Binaries/Win64/UE4Editor-MediaCompositing.dll (API version 3709383).
LogModuleManager: Display: Found up-to-date module file ../../../Engine/Plugins/Media/MediaCompositing/Binaries/Win64/UE4Editor-MediaCompositingEditor.dll (API version 3709383).
LogModuleManager: Display: Found up-to-date module file ../../../Engine/Plugins/Media/MediaPlayerEditor/Binaries/Win64/UE4Editor-MediaPlayerEditor.dll (API version 3709383).
LogModuleManager: Display: Found up-to-date module file ../../../Engine/Plugins/Media/WmfMedia/Binaries/Win64/UE4Editor-WmfMedia.dll (API version 3709383).
LogModuleManager: Display: Found up-to-date module file ../../../Engine/Plugins/Media/WmfMedia/Binaries/Win64/UE4Editor-WmfMediaEditor.dll (API version 3709383).
LogModuleManager: Display: Found up-to-date module file ../../../Engine/Plugins/Media/WmfMedia/Binaries/Win64/UE4Editor-WmfMediaFactory.dll (API version 3709383).
LogModuleManager: Display: Found up-to-date module file ../../../Engine/Plugins/Media/WmfMedia/Binaries/Win64/UE4Editor-WmfMediaFactory.dll (API version 3709383).
LogModuleManager: Display: Found up-to-date module file ../../../Engine/Plugins/Messaging/TcpMessaging/Binaries/Win64/UE4Editor-TcpMessaging.dll (API version 3709383).
LogModuleManager: Display: Found up-to-date module file ../../../Engine/Plugins/Messaging/UdpMessaging/Binaries/Win64/UE4Editor-UdpMessaging.dll (API version 3709383).
LogModuleManager: Display: Found up-to-date module file ../../../Engine/Plugins/MovieScene/ActorSequence/Binaries/Win64/UE4Editor-ActorSequence.dll (API version 3709383).
LogModuleManager: Display: Found up-to-date module file ../../../Engine/Plugins/MovieScene/LevelSequenceEditor/Binaries/Win64/UE4Editor-LevelSequenceEditor.dll (API version 3709383).
LogModuleManager: Display: Found up-to-date module file ../../../Engine/Plugins/MovieScene/MatineeToLevelSequence/Binaries/Win64/UE4Editor-MatineeToLevelSequence.dll (API version 3709383).
LogModuleManager: Display: Found up-to-date module file ../../../Engine/Plugins/Online/OnlineSubsystem/Binaries/Win64/UE4Editor-OnlineSubsystem.dll (API version 3709383).
LogModuleManager: Display: Found up-to-date module file ../../../Engine/Plugins/Runtime/AndroidPermission/Binaries/Win64/UE4Editor-AndroidPermission.dll (API version 3709383).
LogModuleManager: Display: Found up-to-date module file ../../../Engine/Plugins/Online/OnlineSubsystemNull/Binaries/Win64/UE4Editor-OnlineSubsystemNull.dll (API version 3709383).
LogModuleManager: Display: Found up-to-date module file ../../../Engine/Plugins/Online/OnlineSubsystemUtils/Binaries/Win64/UE4Editor-OnlineSubsystemUtils.dll (API version 3709383).
LogModuleManager: Display: Found up-to-date module file ../../../Engine/Plugins/Online/OnlineSubsystemUtils/Binaries/Win64/UE4Editor-OnlineBlueprintSupport.dll (API version 3709383).
LogModuleManager: Display: Found up-to-date module file ../../../Engine/Plugins/Runtime/AndroidDeviceProfileSelector/Binaries/Win64/UE4Editor-AndroidDeviceProfileSelector.dll (API version 3709383).
LogModuleManager: Display: Found up-to-date module file ../../../Engine/Plugins/Runtime/AppleARKit/Binaries/Win64/UE4Editor-AppleARKit.dll (API version 3709383).
LogModuleManager: Display: Found up-to-date module file ../../../Engine/Plugins/Runtime/ArchVisCharacter/Binaries/Win64/UE4Editor-ArchVisCharacter.dll (API version 3709383).
LogModuleManager: Display: Found up-to-date module file ../../../Engine/Plugins/Runtime/CableComponent/Binaries/Win64/UE4Editor-CableComponent.dll (API version 3709383).
LogModuleManager: Display: Found up-to-date module file ../../../Engine/Plugins/Runtime/CustomMeshComponent/Binaries/Win64/UE4Editor-CustomMeshComponent.dll (API version 3709383).
LogModuleManager: Display: Found up-to-date module file ../../../Engine/Plugins/Runtime/ExampleDeviceProfileSelector/Binaries/Win64/UE4Editor-ExampleDeviceProfileSelector.dll (API version 3709383).
LogModuleManager: Display: Found up-to-date module file ../../../Engine/Plugins/Runtime/ImmediatePhysics/Binaries/Win64/UE4Editor-ImmediatePhysics.dll (API version 3709383).
LogModuleManager: Display: Found up-to-date module file ../../../Engine/Plugins/Runtime/ImmediatePhysics/Binaries/Win64/UE4Editor-ImmediatePhysicsEditor.dll (API version 3709383).
LogModuleManager: Display: Found up-to-date module file ../../../Engine/Plugins/Runtime/LocationServicesBPLibrary/Binaries/Win64/UE4Editor-LocationServicesBPLibrary.dll (API version 3709383).
LogModuleManager: Display: Found up-to-date module file ../../../Engine/Plugins/Runtime/MobilePatchingUtils/Binaries/Win64/UE4Editor-MobilePatchingUtils.dll (API version 3709383).
LogModuleManager: Display: Found up-to-date module file ../../../Engine/Plugins/Runtime/Oculus/OculusVR/Binaries/Win64/UE4Editor-OculusHMD.dll (API version 3709383).
LogModuleManager: Display: Found up-to-date module file ../../../Engine/Plugins/Runtime/Oculus/OculusVR/Binaries/Win64/UE4Editor-OculusInput.dll (API version 3709383).
LogModuleManager: Display: Found up-to-date module file ../../../Engine/Plugins/Runtime/Oculus/OculusVR/Binaries/Win64/UE4Editor-OculusEditor.dll (API version 3709383).
LogModuleManager: Display: Found up-to-date module file ../../../Engine/Plugins/Runtime/PhysXVehicles/Binaries/Win64/UE4Editor-PhysXVehicles.dll (API version 3709383).
LogModuleManager: Display: Found up-to-date module file ../../../Engine/Plugins/Runtime/PhysXVehicles/Binaries/Win64/UE4Editor-PhysXVehiclesEditor.dll (API version 3709383).
LogModuleManager: Display: Found up-to-date module file ../../../Engine/Plugins/Runtime/ProceduralMeshComponent/Binaries/Win64/UE4Editor-ProceduralMeshComponent.dll (API version 3709383).
LogModuleManager: Display: Found up-to-date module file ../../../Engine/Plugins/Runtime/ProceduralMeshComponent/Binaries/Win64/UE4Editor-ProceduralMeshComponentEditor.dll (API version 3709383).
LogModuleManager: Display: Found up-to-date module file ../../../Engine/Plugins/Runtime/RuntimePhysXCooking/Binaries/Win64/UE4Editor-RuntimePhysXCooking.dll (API version 3709383).
LogModuleManager: Display: Found up-to-date module file ../../../Engine/Plugins/Runtime/Steam/SteamVR/Binaries/Win64/UE4Editor-SteamVR.dll (API version 3709383).
LogModuleManager: Display: Found up-to-date module file ../../../Engine/Plugins/Runtime/Steam/SteamVR/Binaries/Win64/UE4Editor-SteamVRController.dll (API version 3709383).
LogModuleManager: Display: Found up-to-date module file ../../../Engine/Plugins/Runtime/WindowsMoviePlayer/Binaries/Win64/UE4Editor-WindowsMoviePlayer.dll (API version 3709383).
LogPluginManager: Mounting plugin Paper2D
LogPluginManager: Mounting plugin LightPropagationVolume
LogPluginManager: Mounting plugin CodeLiteSourceCodeAccess
LogPluginManager: Mounting plugin GitSourceControl
LogPluginManager: Mounting plugin KDevelopSourceCodeAccess
LogPluginManager: Mounting plugin NullSourceCodeAccess
LogPluginManager: Mounting plugin PerforceSourceControl
LogPluginManager: Mounting plugin SubversionSourceControl
LogPluginManager: Mounting plugin UObjectPlugin
LogPluginManager: Mounting plugin VisualStudioCodeSourceCodeAccess
LogPluginManager: Mounting plugin VisualStudioSourceCodeAccess
LogPluginManager: Mounting plugin XCodeSourceCodeAccess
LogPluginManager: Mounting plugin AssetManagerEditor
LogPluginManager: Mounting plugin AudioCapture
LogPluginManager: Mounting plugin FacialAnimation
LogPluginManager: Mounting plugin GameplayTagsEditor
LogPluginManager: Mounting plugin MobileLauncherProfileWizard
LogPluginManager: Mounting plugin PluginBrowser
LogPluginManager: Mounting plugin SpeedTreeImporter
LogPluginManager: Mounting plugin AlembicImporter
LogPluginManager: Mounting plugin CharacterAI
LogPluginManager: Mounting plugin HTML5Networking
LogPluginManager: Mounting plugin AndroidMedia
LogPluginManager: Mounting plugin AvfMedia
LogPluginManager: Mounting plugin ImgMedia
LogPluginManager: Mounting plugin MediaCompositing
LogPluginManager: Mounting plugin MediaPlayerEditor
LogPluginManager: Mounting plugin WmfMedia
LogPluginManager: Mounting plugin TcpMessaging
LogPluginManager: Mounting plugin UdpMessaging
LogPluginManager: Mounting plugin ActorSequence
LogPluginManager: Mounting plugin LevelSequenceEditor
LogPluginManager: Mounting plugin MatineeToLevelSequence
LogPluginManager: Mounting plugin OnlineSubsystemGooglePlay
LogPluginManager: Mounting plugin OnlineSubsystemIOS
LogPluginManager: Mounting plugin OnlineSubsystem
LogPluginManager: Mounting plugin OnlineSubsystemNull
LogPluginManager: Mounting plugin OnlineSubsystemUtils
LogPluginManager: Mounting plugin AndroidDeviceProfileSelector
LogPluginManager: Mounting plugin AndroidMoviePlayer
LogPluginManager: Mounting plugin AndroidPermission
LogPluginManager: Mounting plugin AppleARKit
LogPluginManager: Mounting plugin AppleMoviePlayer
LogPluginManager: Mounting plugin ArchVisCharacter
LogPluginManager: Mounting plugin CableComponent
LogPluginManager: Mounting plugin CustomMeshComponent
LogPluginManager: Mounting plugin ExampleDeviceProfileSelector
LogPluginManager: Mounting plugin GoogleCloudMessaging
LogPluginManager: Mounting plugin ImmediatePhysics
LogPluginManager: Mounting plugin IOSDeviceProfileSelector
LogPluginManager: Mounting plugin LinuxDeviceProfileSelector
LogPluginManager: Mounting plugin LocationServicesBPLibrary
LogPluginManager: Mounting plugin MobilePatchingUtils
LogPluginManager: Mounting plugin OculusVR
LogPluginManager: Plugin shader directory ../../../Engine/Plugins/Runtime/Oculus/OculusVR/Shaders found
LogPluginManager: Mapping shader source directory ../../../Engine/Plugins/Runtime/Oculus/OculusVR/Shaders to virtual directory /Plugin/OculusVR
LogPluginManager: Mounting plugin PhysXVehicles
LogPluginManager: Mounting plugin ProceduralMeshComponent
LogPluginManager: Mounting plugin RuntimePhysXCooking
LogPluginManager: Mounting plugin SteamVR
LogPluginManager: Mounting plugin WindowsMoviePlayer
LogInit: Using libcurl 7.47.1
LogInit:  - built for x86_64-pc-win32
LogInit:  - supports SSL with OpenSSL/1.0.2g
LogInit:  - supports HTTP deflate (compression) using libz 1.2.8
LogInit:  - other features:
LogInit:      CURL_VERSION_SSL
LogInit:      CURL_VERSION_LIBZ
LogInit:      CURL_VERSION_IPV6
LogInit:      CURL_VERSION_ASYNCHDNS
LogInit:      CURL_VERSION_LARGEFILE
LogInit:      CURL_VERSION_IDN
LogInit:  CurlRequestOptions (configurable via config and command line):
LogInit:  - bVerifyPeer = false  - Libcurl will NOT verify peer certificate
LogInit:  - bUseHttpProxy = false  - Libcurl will NOT use HTTP proxy
LogInit:  - bDontReuseConnections = false  - Libcurl will reuse connections
LogInit:  - CertBundlePath = nullptr  - Libcurl will use whatever was configured at build time.
LogInit: Build: ++UE4+Release-4.18-CL-3709383
LogInit: Engine Version: 4.18.0-3709383+++UE4+Release-4.18
LogInit: Compatible Engine Version: 4.18.0-3709383+++UE4+Release-4.18
LogInit: Net CL: 3709383
LogDevObjectVersion: Number of dev versions registered: 16
LogDevObjectVersion:   Dev-Blueprints (B0D832E4-1F89-4F0D-ACCF-7EB736FD4AA2): 10
LogDevObjectVersion:   Dev-Build (E1C64328-A22C-4D53-A36C-8E866417BD8C): 0
LogDevObjectVersion:   Dev-Core (375EC13C-06E4-48FB-B500-84F0262A717E): 2
LogDevObjectVersion:   Dev-Editor (E4B068ED-F494-42E9-A231-DA0B2E46BB41): 20
LogDevObjectVersion:   Dev-Framework (CFFC743F-43B0-4480-9391-14DF171D2073): 30
LogDevObjectVersion:   Dev-Mobile (B02B49B5-BB20-44E9-A304-32B752E40360): 0
LogDevObjectVersion:   Dev-Networking (A4E4105C-59A1-49B5-A7C5-40C4547EDFEE): 0
LogDevObjectVersion:   Dev-Online (39C831C9-5AE6-47DC-9A44-9C173E1C8E7C): 0
LogDevObjectVersion:   Dev-Physics (78F01B33-EBEA-4F98-B9B4-84EACCB95AA2): 0
LogDevObjectVersion:   Dev-Platform (6631380F-2D4D-43E0-8009-CF276956A95A): 0
LogDevObjectVersion:   Dev-Rendering (12F88B9F-8875-4AFC-A67C-D90C383ABD29): 20
LogDevObjectVersion:   Dev-Sequencer (7B5AE74C-D270-4C10-A958-57980B212A5A): 4
LogDevObjectVersion:   Dev-VR (D7296918-1DD6-4BDD-9DE2-64A83CC13884): 0
LogDevObjectVersion:   Dev-LoadTimes (C2A15278-BFE7-4AFE-6C17-90FF531DF755): 1
LogDevObjectVersion:   Private-Geometry (6EACA3D4-40EC-4CC1-B786-8BED09428FC5): 1
LogDevObjectVersion:   Dev-AnimPhys (29E575DD-E0A3-4627-9D10-D276232CDCEA): 12
LogInit: Compiled (64-bit): Oct 20 2017 10:39:19
LogInit: Compiled with Visual C++: 19.00.24215.01
LogInit: Build Configuration: Development
LogInit: Branch Name: ++UE4+Release-4.18
LogInit: Command line:  
LogInit: Base directory: C:/Program Files/Epic Games/UE_4.18/Engine/Binaries/Win64/
LogInit: Installed Engine Build: 1
LogInit: Presizing for max 8388607 objects, including 0 objects not considered by GC, pre-allocating 0 bytes for permanent pool.
LogInit: Object subsystem initialized
[2017.11.09-18.25.47:722][  0]LogInit: Selected Device Profile: [Windows]
[2017.11.09-18.25.47:722][  0]LogInit: Applying CVar settings loaded from the selected device profile: [Windows]
[2017.11.09-18.25.47:734][  0]LogInit: Computer: SEA-8E413E
[2017.11.09-18.25.47:734][  0]LogInit: User: s179140
[2017.11.09-18.25.47:734][  0]LogInit: CPU Page size=4096, Cores=4
[2017.11.09-18.25.47:734][  0]LogInit: High frequency timer resolution =3.515712 MHz
[2017.11.09-18.25.47:735][  0]LogMemory: Memory total: Physical=31.9GB (32GB approx)
[2017.11.09-18.25.47:735][  0]LogMemory: Platform Memory Stats for Windows
[2017.11.09-18.25.47:735][  0]LogMemory: Process Physical Memory: 276.00 MB used, 276.00 MB peak
[2017.11.09-18.25.47:735][  0]LogMemory: Process Virtual Memory: 280.80 MB used, 280.80 MB peak
[2017.11.09-18.25.47:735][  0]LogMemory: Physical Memory: 5952.86 MB used,  26734.45 MB free, 32687.32 MB total
[2017.11.09-18.25.47:735][  0]LogMemory: Virtual Memory: 635.50 MB used,  26734.45 MB free, 8388608.00 MB total
[2017.11.09-18.25.47:936][  0]LogInit: Using OS detected language (en-US).
[2017.11.09-18.25.47:936][  0]LogInit: Using OS detected locale (en-US).
[2017.11.09-18.25.47:940][  0]LogTextLocalizationManager: No specific localization for 'en-US' exists, so the 'en' localization will be used.
[2017.11.09-18.25.48:352][  0]LogWindows: Failed to load 'shcore.dll' (GetLastError=126)
[2017.11.09-18.25.48:352][  0]LogWindows: File 'shcore.dll' does not exist
[2017.11.09-18.25.48:352][  0]LogInit: Setting process to DPI aware
[2017.11.09-18.25.48:355][  0]LogWindows: Failed to load 'shcore.dll' (GetLastError=126)
[2017.11.09-18.25.48:355][  0]LogWindows: File 'shcore.dll' does not exist
[2017.11.09-18.25.48:355][  0]LogInit: Setting process to DPI aware
[2017.11.09-18.25.48:709][  0]LogD3D11RHI: D3D11 adapters:
[2017.11.09-18.25.48:732][  0]LogD3D11RHI:    0. 'NVIDIA GeForce GTX 770' (Feature Level 11_0)
[2017.11.09-18.25.48:732][  0]LogD3D11RHI:       1989/0/16087 MB DedicatedVideo/DedicatedSystem/SharedSystem, Outputs:2, VendorId:0x10de
[2017.11.09-18.25.48:732][  0]LogD3D11RHI: Chosen D3D11 Adapter: 0
[2017.11.09-18.25.48:737][  0]LogD3D11RHI: Creating new Direct3DDevice
[2017.11.09-18.25.48:737][  0]LogD3D11RHI:     GPU DeviceId: 0x1184 (for the marketing name, search the web for "GPU Device Id")
[2017.11.09-18.25.48:737][  0]LogWindows: EnumDisplayDevices:
[2017.11.09-18.25.48:737][  0]LogWindows:    0. 'NVIDIA GeForce GTX 770' (P:1 D:1)
[2017.11.09-18.25.48:737][  0]LogWindows:    1. 'NVIDIA GeForce GTX 770' (P:0 D:1)
[2017.11.09-18.25.48:738][  0]LogWindows:    2. 'NVIDIA GeForce GTX 770' (P:0 D:0)
[2017.11.09-18.25.48:738][  0]LogWindows:    3. 'NVIDIA GeForce GTX 770' (P:0 D:0)
[2017.11.09-18.25.48:738][  0]LogWindows:    4. 'RDPDD Chained DD' (P:0 D:0)
[2017.11.09-18.25.48:738][  0]LogWindows:    5. 'RDP Encoder Mirror Driver' (P:0 D:0)
[2017.11.09-18.25.48:738][  0]LogWindows:    6. 'RDP Reflector Display Driver' (P:0 D:0)
[2017.11.09-18.25.48:738][  0]LogWindows: DebugString: GetVideoDriverDetailsInvalid PrimaryIsNotTheChoosenAdapter GetVideoDriverDetailsInvalid PrimaryIsNotTheChoosenAdapter GetVideoDriverDetailsInvalid PrimaryIsNotTheChoosenAdapter FoundDriverCount:4 
[2017.11.09-18.25.48:738][  0]LogD3D11RHI:     Adapter Name: NVIDIA GeForce GTX 770
[2017.11.09-18.25.48:739][  0]LogD3D11RHI:   Driver Version: 384.94 (internal:22.21.13.8494, unified:384.94)
[2017.11.09-18.25.48:739][  0]LogD3D11RHI:      Driver Date: 7-18-2017
[2017.11.09-18.25.48:739][  0]LogRHI: Texture pool is 1392 MB (70% of 1989 MB)
[2017.11.09-18.25.48:749][  0]LogD3D11RHI: Async texture creation enabled
[2017.11.09-18.25.48:766][  0]LogD3D11RHI: GPU Timing Frequency: 1000.000000 (Debug: 2 2)
[2017.11.09-18.25.48:769][  0]LogShaderCompilers: Guid format shader working directory is -12 characters bigger than the processId version (../../../../../../Users/s179140/Documents/Unreal Projects/FF/Intermediate/Shaders/WorkingDirectory/3412/).
[2017.11.09-18.25.48:769][  0]LogShaderCompilers: Cleaned the shader compiler working directory 'C:/Users/s179140/AppData/Local/Temp/UnrealShaderWorkingDir/FC91B5C84DF6FF4A61B5F29700D4EF4F/'.
[2017.11.09-18.25.48:769][  0]LogShaderCompilers: Display: Using Local Shader Compiler.
[2017.11.09-18.25.49:860][  0]LogTemp: Display: Loaded TP AllDesktopTargetPlatform
[2017.11.09-18.25.49:932][  0]LogTemp: Display: Loaded TP MacClientTargetPlatform
[2017.11.09-18.25.50:002][  0]LogTemp: Display: Loaded TP MacNoEditorTargetPlatform
[2017.11.09-18.25.50:074][  0]LogTemp: Display: Loaded TP MacServerTargetPlatform
[2017.11.09-18.25.50:147][  0]LogTemp: Display: Loaded TP MacTargetPlatform
[2017.11.09-18.25.50:218][  0]LogTemp: Display: Loaded TP WindowsClientTargetPlatform
[2017.11.09-18.25.50:289][  0]LogTemp: Display: Loaded TP WindowsNoEditorTargetPlatform
[2017.11.09-18.25.50:360][  0]LogTemp: Display: Loaded TP WindowsServerTargetPlatform
[2017.11.09-18.25.50:422][  0]LogTemp: Display: Loaded TP WindowsTargetPlatform
[2017.11.09-18.25.50:493][  0]LogTemp: Display: Loaded TP Android_ASTCTargetPlatform
[2017.11.09-18.25.50:564][  0]LogTemp: Display: Loaded TP Android_ATCTargetPlatform
[2017.11.09-18.25.50:634][  0]LogTemp: Display: Loaded TP Android_DXTTargetPlatform
[2017.11.09-18.25.50:705][  0]LogTemp: Display: Loaded TP Android_ETC1TargetPlatform
[2017.11.09-18.25.50:774][  0]LogTemp: Display: Loaded TP Android_ETC2TargetPlatform
[2017.11.09-18.25.50:914][  0]LogTemp: Display: Loaded TP Android_MultiTargetPlatform
[2017.11.09-18.25.50:914][  0]LogTemp: Display: Loaded TP Android_PVRTCTargetPlatform
[2017.11.09-18.25.50:985][  0]LogTemp: Display: Loaded TP AndroidTargetPlatform
[2017.11.09-18.25.51:042][  0]LogTemp: Display: Loaded TP HTML5TargetPlatform
[2017.11.09-18.25.51:157][  0]LogTemp: Display: Loaded TP IOSTargetPlatform
[2017.11.09-18.25.51:193][  0]LogTemp: Display: Loaded TP TVOSTargetPlatform
[2017.11.09-18.25.51:262][  0]LogTemp: Display: Loaded TP LinuxClientTargetPlatform
[2017.11.09-18.25.51:333][  0]LogTemp: Display: Loaded TP LinuxNoEditorTargetPlatform
[2017.11.09-18.25.51:402][  0]LogTemp: Display: Loaded TP LinuxServerTargetPlatform
[2017.11.09-18.25.51:473][  0]LogTemp: Display: Loaded TP LinuxTargetPlatform
[2017.11.09-18.25.51:473][  0]LogTargetPlatformManager: Display: Building Assets For Windows
[2017.11.09-18.25.52:092][  0]LogDerivedDataCache: Display: Max Cache Size: 512 MB
[2017.11.09-18.25.52:177][  0]LogDerivedDataCache: Loaded boot cache 0.08s 78MB C:/Users/s179140/AppData/Local/UnrealEngine/4.18/DerivedDataCache/Boot.ddc.
[2017.11.09-18.25.52:177][  0]LogDerivedDataCache: Display: Loaded Boot cache: C:/Users/s179140/AppData/Local/UnrealEngine/4.18/DerivedDataCache/Boot.ddc
[2017.11.09-18.25.52:177][  0]LogDerivedDataCache: FDerivedDataBackendGraph:  Pak pak cache file ../../../../../../Users/s179140/Documents/Unreal Projects/FF/DerivedDataCache/DDC.ddp not found, will not use a pak cache.
[2017.11.09-18.25.52:177][  0]LogDerivedDataCache: Unable to find inner node Pak for hierarchical cache Hierarchy.
[2017.11.09-18.25.52:177][  0]LogDerivedDataCache: FDerivedDataBackendGraph:  CompressedPak pak cache file ../../../../../../Users/s179140/Documents/Unreal Projects/FF/DerivedDataCache/Compressed.ddp not found, will not use a pak cache.
[2017.11.09-18.25.52:177][  0]LogDerivedDataCache: Unable to find inner node CompressedPak for hierarchical cache Hierarchy.
[2017.11.09-18.25.52:196][  0]LogDerivedDataCache: Display: Pak cache opened for reading ../../../Engine/DerivedDataCache/Compressed.ddp.
[2017.11.09-18.25.52:209][  0]LogDerivedDataCache: Using Local data cache path C:/Users/s179140/AppData/Local/UnrealEngine/Common/DerivedDataCache: Writable
[2017.11.09-18.25.52:221][  0]LogMaterial: Verifying Global Shaders for PCD3D_SM5
[2017.11.09-18.25.52:221][  0]LogSlate: Using Freetype 2.6.0
[2017.11.09-18.25.52:222][  0]LogSlate: SlateFontCache - WITH_FREETYPE: 1, WITH_HARFBUZZ: 1
[2017.11.09-18.25.52:222][  0]LogSlate: SlateFontCache - WITH_FREETYPE: 1, WITH_HARFBUZZ: 1
[2017.11.09-18.25.52:693][  0]LogInit: Selected Device Profile: [Windows]
[2017.11.09-18.25.53:120][  0]LogSimplygon: Simplygon DLL not present - disabling.
[2017.11.09-18.25.53:177][  0]LogMeshReduction: Using SimplygonSwarm for distributed automatic mesh merging
[2017.11.09-18.25.53:177][  0]LogMeshReduction: Using QuadricMeshReduction for automatic static mesh reduction
[2017.11.09-18.25.53:177][  0]LogMeshReduction: No automatic skeletal mesh reduction module available
[2017.11.09-18.25.53:177][  0]LogMeshReduction: No automatic mesh merging module available
[2017.11.09-18.25.53:177][  0]LogMeshMerging: No automatic mesh merging module available
[2017.11.09-18.25.53:216][  0]LogNetVersion: FF , NetCL: 3709383, EngineNetVer: 2, GameNetVer: 0 (Checksum: 3366995239)
[2017.11.09-18.25.53:405][  0]LogAssetRegistry: FAssetRegistry took 0.0248 seconds to start up
[2017.11.09-18.25.54:012][  0]LogPackageLocalizationCache: Processed 7 localized package path(s) for 2 prioritized culture(s) in 0.098636 seconds
[2017.11.09-18.25.54:018][  0]LogUObjectArray: 35901 objects as part of root set at end of initial load.
[2017.11.09-18.25.54:018][  0]LogUObjectAllocator: 7372248 out of 0 bytes used by permanent object pool.
[2017.11.09-18.25.54:018][  0]LogUObjectArray: CloseDisregardForGC: 0/0 objects in disregard for GC pool
[2017.11.09-18.25.54:091][  0]LogInit: WinSock: version 1.1 (2.2), MaxSocks=32767, MaxUdp=65467
[2017.11.09-18.25.57:849][  0]LogTcpMessaging: Initializing TcpMessaging bridge
[2017.11.09-18.25.57:909][  0]LogUdpMessaging: Initializing bridge on interface 0.0.0.0:0 to multicast group 230.0.0.1:6666.
[2017.11.09-18.25.58:925][  0]LogMaterial: Uniform references updated for custom material expression Custom.
[2017.11.09-18.25.59:568][  0]SourceControl: Source control is disabled
[2017.11.09-18.25.59:568][  0]SourceControl: Source control is disabled
[2017.11.09-18.25.59:656][  0]SourceControl: Source control is disabled
[2017.11.09-18.25.59:740][  0]SourceControl: Source control is disabled
[2017.11.09-18.26.01:015][  0]LogAndroidPermission: UAndroidPermissionCallbackProxy::GetInstance
[2017.11.09-18.26.01:437][  0]LogOcInput: OculusInput pre-init called
[2017.11.09-18.26.01:858][  0]LogEngine: Initializing Engine...
[2017.11.09-18.26.01:860][  0]LogHMD: Failed to initialize OpenVR with code 110
[2017.11.09-18.26.02:122][  0]LogStats: UGameplayTagsManager::ConstructGameplayTagTree: Construct from data asset -  0.000 s
[2017.11.09-18.26.02:122][  0]LogStats: UGameplayTagsManager::ConstructGameplayTagTree: GameplayTagTreeChangedEvent.Broadcast -  0.000 s
[2017.11.09-18.26.02:304][  0]LogAIModule: Creating AISystem for world Untitled
[2017.11.09-18.26.02:320][  0]LogInit: XAudio2 using 'Headphones (High Definition Audio Device)' : 2 channels at 48 kHz using 32 bits per sample (channel mask 0x3)
[2017.11.09-18.26.02:359][  0]LogInit: FAudioDevice initialized.
[2017.11.09-18.26.02:433][  0]LogDerivedDataCache: Saved boot cache 0.07s 78MB C:/Users/s179140/AppData/Local/UnrealEngine/4.18/DerivedDataCache/Boot.ddc.
[2017.11.09-18.26.02:447][  0]LogInit: Texture streaming: Enabled
[2017.11.09-18.26.02:584][  0]LogEngineSessionManager: EngineSessionManager initialized
[2017.11.09-18.26.02:584][  0]LogEngineSessionManager: EngineSessionManager sent abnormal shutdown report. Type=AbnormalShutdown, SessionId={9B9D9640-4A1E-CBE3-CDB9-359DBDB0E06D}
[2017.11.09-18.26.02:769][  0]LogInit: Transaction tracking system initialized
[2017.11.09-18.26.03:224][  0]BlueprintLog: New page: Editor Load
[2017.11.09-18.26.04:514][  0]LocalizationService: Localization service is disabled
[2017.11.09-18.26.05:694][  0]LogConsoleResponse: Display: 
[2017.11.09-18.26.05:907][  0]LogCook: Display: Max memory allowance for cook 16384mb min free memory 0mb
[2017.11.09-18.26.05:907][  0]LogCook: Display: Mobile HDR setting 1
[2017.11.09-18.26.05:907][  0]LogGameplayTags: Display: UGameplayTagsManager::DoneAddingNativeTags. DelegateIsBound: 0
[2017.11.09-18.26.06:393][  0]LogFileCache: Scanning file cache for directory 'C:/Users/s179140/Documents/Unreal Projects/FF/Content/' took 0.02s
[2017.11.09-18.26.07:658][  0]SourceControl: Source control is disabled
[2017.11.09-18.26.07:731][  0]LogSlate: Took 0.001026 seconds to synchronously load lazily loaded font '../../../Engine/Content/Slate/Fonts/Roboto-Regular.ttf' (155K)
[2017.11.09-18.26.34:153][  0]LoadErrors: New page: Loading package: /Engine/VREditor/LaserPointer/LaserPointerMaterial
[2017.11.09-18.26.34:159][  0]LoadErrors: New page: Loading package: /Engine/VREditor/LaserPointer/LaserPointerMaterialInst
[2017.11.09-18.26.34:164][  0]Cmd: MAP LOAD FILE="../../../../../../Users/s179140/Documents/Unreal Projects/FF/Content/SideScrollerBP/Maps/SideScrollerExampleMap.umap" TEMPLATE=0 SHOWPROGRESS=1 FEATURELEVEL=3
[2017.11.09-18.26.34:165][  0]LightingResults: New page: Lighting Build
[2017.11.09-18.26.34:224][  0]MapCheck: New page: Map Check
[2017.11.09-18.26.34:225][  0]LightingResults: New page: Lighting Build
[2017.11.09-18.26.35:008][  0]LogAIModule: Creating AISystem for world SideScrollerExampleMap
[2017.11.09-18.26.35:034][  0]LogEditorServer: Finished looking for orphan Actors (0.000 secs)
[2017.11.09-18.26.35:048][  0]Cmd: MAP CHECKDEP NOCLEARLOG
[2017.11.09-18.26.35:125][  0]MapCheck: Map check complete: 0 Error(s), 0 Warning(s), took 77.517ms to complete.
[2017.11.09-18.26.35:126][  0]LogFileHelpers: Loading map 'SideScrollerExampleMap' took 0.961
[2017.11.09-18.26.35:298][  0]LogStats: Warning: MetaData mismatch. Did you assign a stat to two groups? New //STATGROUP_Threads//SplashScreenThread///Thread_1764_0///####STATCAT_Advanced#### old //STATGROUP_Threads//SplashScreenThread///Thread_e40_0///####STATCAT_Advanced####
[2017.11.09-18.26.35:298][  0]LogCollectionManager: Loaded 0 collections in 0.001597 seconds
[2017.11.09-18.26.35:396][  0]LogFileCache: Scanning file cache for directory 'C:/Users/s179140/Documents/Unreal Projects/FF/Saved/Collections/' took 0.01s
[2017.11.09-18.26.35:397][  0]LogFileCache: Scanning file cache for directory 'C:/Users/s179140/Documents/Unreal Projects/FF/Content/Developers/s179140/Collections/' took 0.01s
[2017.11.09-18.26.35:397][  0]LogFileCache: Scanning file cache for directory 'C:/Users/s179140/Documents/Unreal Projects/FF/Content/Collections/' took 0.01s
[2017.11.09-18.26.35:397][  0]LogCollectionManager: Rebuilt the GUID cache for 0 collections in 0.000001 seconds
[2017.11.09-18.26.35:406][  0]LogContentBrowser: Native class hierarchy populated in 0.0094 seconds. Added 2364 classes and 521 folders.
[2017.11.09-18.26.35:500][  0]LogContentBrowser: Native class hierarchy updated for 'WidgetCarousel' in 0.0003 seconds. Added 0 classes and 0 folders.
[2017.11.09-18.26.35:568][  0]LogContentBrowser: Native class hierarchy updated for 'AddContentDialog' in 0.0003 seconds. Added 0 classes and 0 folders.
[2017.11.09-18.26.36:623][  0]LogSlate: Only BGRA pngs, bmps or icos are supported in by External Image Picker
[2017.11.09-18.26.36:654][  0]LogSlate: Took 0.000296 seconds to synchronously load lazily loaded font '../../../Engine/Content/Slate/Fonts/Roboto-Bold.ttf' (160K)
[2017.11.09-18.26.36:658][  0]LogSlate: Took 0.000380 seconds to synchronously load lazily loaded font '../../../Engine/Content/Editor/Slate/Fonts/FontAwesome.ttf' (139K)
[2017.11.09-18.26.36:793][  0]LogTemp: Executing iPhonePackager certificates Engine -bundlename com.YourCompany.FF
[2017.11.09-18.26.36:794][  0]LogTemp: CWD: C:\Program Files\Epic Games\UE_4.18\Engine\Binaries\DotNET\IOS
[2017.11.09-18.26.36:794][  0]LogTemp: Initial Dir: C:\Program Files\Epic Games\UE_4.18
[2017.11.09-18.26.36:794][  0]LogTemp: Env CWD: C:\Program Files\Epic Games\UE_4.18\Engine\Binaries\DotNET\IOS
[2017.11.09-18.26.36:794][  0]LogTemp: BranchPath = SEA-8E413E/C/Program Files/Epic Games/UE_4.18/Engine/Binaries --- GameBranchPath = SEA-8E413E/C/Program Files/Epic Games/UE_4.18/Engine/Binaries
[2017.11.09-18.26.36:794][  0]LogTemp: IPP ERROR: Could not find provision directory 'C:\Users\s179140\AppData\Local/Apple Computer/MobileDevice/Provisioning Profiles/'.
[2017.11.09-18.26.36:794][  0]LogRenderer: Reallocating scene render targets to support 1164x600 Format 10 NumSamples 1 (Frame:1).
[2017.11.09-18.26.37:000][  0]LogContentBrowser: Native class hierarchy updated for 'HierarchicalLODOutliner' in 0.0004 seconds. Added 1 classes and 2 folders.
[2017.11.09-18.26.37:000][  0]LogLoad: (Engine Initialization) Total time: 51.88 seconds
[2017.11.09-18.26.37:000][  0]LogLoad: (Engine Initialization) Total Blueprint compile time: 0.00 seconds
[2017.11.09-18.26.37:000][  0]LogExternalProfiler: No external profilers were discovered.  External profiling features will not be available.
[2017.11.09-18.26.37:036][  0]LogContentStreaming: Texture pool size now 1000 MB
[2017.11.09-18.26.37:083][  0]LogSlate: Took 0.000272 seconds to synchronously load lazily loaded font '../../../Engine/Content/Slate/Fonts/Roboto-Light.ttf' (159K)
[2017.11.09-18.26.37:089][  1]LogMaterial: Warning: Material /Engine/VREditor/LaserPointer/LaserPointerMaterial.LaserPointerMaterial needed to have new flag set bUsedWithSkeletalMesh !
[2017.11.09-18.26.37:128][  1]LogMaterial: Missing cached shader map for material LaserPointerMaterial, compiling. 
[2017.11.09-18.26.37:183][  1]LogMaterial: Missing cached shader map for material LaserPointerMaterial, compiling. 
[2017.11.09-18.26.37:284][  1]LogAssetRegistry: Asset discovery search completed in 43.9010 seconds
[2017.11.09-18.26.37:286][  1]LogCollectionManager: Rebuilt the object cache for 0 collections in 0.000001 seconds (found 0 objects)
[2017.11.09-18.26.37:286][  1]LogCollectionManager: Fixed up redirectors for 0 collections in 0.000044 seconds (updated 0 objects)
[2017.11.09-18.26.38:447][  9]LogSlate: Took 0.000388 seconds to synchronously load lazily loaded font '../../../Engine/Content/Slate/Fonts/Roboto-Light.ttf' (159K)
[2017.11.09-18.26.43:466][ 25]LogSlate: Took 0.000307 seconds to synchronously load lazily loaded font '../../../Engine/Content/Slate/Fonts/Roboto-Light.ttf' (159K)
[2017.11.09-18.26.43:976][ 25]LogContentBrowser: Native class hierarchy updated for 'BlueprintGraph' in 0.0007 seconds. Added 116 classes and 0 folders.
[2017.11.09-18.26.45:243][ 25]LogBlueprintUserMessages: [FFPlayer_bp_C_1] null
[2017.11.09-18.26.45:243][ 25]LogBlueprintUserMessages: [FFPlayer_bp_C_1] null
[2017.11.09-18.26.45:266][ 25]LogSlate: Took 0.000268 seconds to synchronously load lazily loaded font '../../../Engine/Content/Editor/Slate/Fonts/Roboto-BoldCondensed.ttf' (158K)
[2017.11.09-18.26.45:507][ 26]LogSlate: Took 0.000319 seconds to synchronously load lazily loaded font '../../../Engine/Content/Editor/Slate/Fonts/Roboto-Italic.ttf' (157K)
[2017.11.09-18.27.11:134][141]LogTexture: Display: Building textures: T_CliffRockTile_03_D (AutoDXT, 2048X2048)
[2017.11.09-18.27.11:134][141]LogTexture: Display: Building textures: T_CliffRock_03_N (BC5, 4096X4096)
[2017.11.09-18.27.11:134][141]LogTexture: Display: Building textures: T_Cliff01_N (BC5, 8192X8192)
[2017.11.09-18.27.11:134][141]LogMaterial: Missing cached shader map for material M_Photoscan_Master, compiling. 
[2017.11.09-18.27.23:587][141]LogTexture: Display: Building textures: T_Cliff01_D_CC_R (AutoDXT, 8192X8192)
